2017-07-21 06:16:29 UTC [store.multimerchantshop.xyz] [983ab1519a8b553ec58125a13bf09471] [warning] helper->warning [curl] timeout
2017-07-21 06:43:35 UTC [store.multimerchantshop.xyz] [983ab1519a8b553ec58125a13bf09471] [warning] helper->error_handler Creating default object from empty value in /var/www/public/system/library/payapi/core/core.spdo.php on line 39
2017-07-21 08:56:55 UTC [www.sdk.dev] [f91bc43b84a728076a8c992e50bb1891] [warning] helper->error_handler fopen(/var/www/public/system/storage/f91bc43b84a728076a8c992e50bb1891/cache/cache.language.1500631015): failed to open stream: No such file or directory in /var/www/public/system/library/cache/file.php on line 49
2017-07-21 08:56:55 UTC [www.sdk.dev] [f91bc43b84a728076a8c992e50bb1891] [warning] helper->error_handler flock() expects parameter 1 to be resource, boolean given in /var/www/public/system/library/cache/file.php on line 51
2017-07-21 08:56:55 UTC [www.sdk.dev] [f91bc43b84a728076a8c992e50bb1891] [warning] helper->error_handler fwrite() expects parameter 1 to be resource, boolean given in /var/www/public/system/library/cache/file.php on line 53
2017-07-21 08:56:55 UTC [www.sdk.dev] [f91bc43b84a728076a8c992e50bb1891] [warning] helper->error_handler fflush() expects parameter 1 to be resource, boolean given in /var/www/public/system/library/cache/file.php on line 55
2017-07-21 08:56:55 UTC [www.sdk.dev] [f91bc43b84a728076a8c992e50bb1891] [warning] helper->error_handler flock() expects parameter 1 to be resource, boolean given in /var/www/public/system/library/cache/file.php on line 57
2017-07-21 08:56:55 UTC [www.sdk.dev] [f91bc43b84a728076a8c992e50bb1891] [warning] helper->error_handler fclose() expects parameter 1 to be resource, boolean given in /var/www/public/system/library/cache/file.php on line 59
2017-07-21 08:56:55 UTC [www.sdk.dev] [f91bc43b84a728076a8c992e50bb1891] [warning] helper->error_handler fopen(/var/www/public/system/storage/f91bc43b84a728076a8c992e50bb1891/cache/cache.currency.1500631015): failed to open stream: No such file or directory in /var/www/public/system/library/cache/file.php on line 49
2017-07-21 08:56:55 UTC [www.sdk.dev] [f91bc43b84a728076a8c992e50bb1891] [warning] helper->error_handler flock() expects parameter 1 to be resource, boolean given in /var/www/public/system/library/cache/file.php on line 51
2017-07-21 08:56:55 UTC [www.sdk.dev] [f91bc43b84a728076a8c992e50bb1891] [warning] helper->error_handler fwrite() expects parameter 1 to be resource, boolean given in /var/www/public/system/library/cache/file.php on line 53
2017-07-21 08:56:55 UTC [www.sdk.dev] [f91bc43b84a728076a8c992e50bb1891] [warning] helper->error_handler fflush() expects parameter 1 to be resource, boolean given in /var/www/public/system/library/cache/file.php on line 55
2017-07-21 08:56:55 UTC [www.sdk.dev] [f91bc43b84a728076a8c992e50bb1891] [warning] helper->error_handler flock() expects parameter 1 to be resource, boolean given in /var/www/public/system/library/cache/file.php on line 57
2017-07-21 08:56:55 UTC [www.sdk.dev] [f91bc43b84a728076a8c992e50bb1891] [warning] helper->error_handler fclose() expects parameter 1 to be resource, boolean given in /var/www/public/system/library/cache/file.php on line 59
2017-07-21 08:56:55 UTC [www.sdk.dev] [f91bc43b84a728076a8c992e50bb1891] [warning] helper->error_handler fopen(/var/www/public/system/storage/f91bc43b84a728076a8c992e50bb1891/logs/20170721.openbay.log): failed to open stream: No such file or directory in /var/www/public/system/library/log.php on line 8
2017-07-21 08:56:55 UTC [www.sdk.dev] [f91bc43b84a728076a8c992e50bb1891] [warning] helper->error_handler fclose() expects parameter 1 to be resource, boolean given in /var/www/public/system/library/log.php on line 16
2017-07-21 08:56:55 UTC [www.sdk.dev] [f91bc43b84a728076a8c992e50bb1891] [warning] helper->error_handler fopen(/var/www/public/system/storage/f91bc43b84a728076a8c992e50bb1891/logs/20170721.error.log): failed to open stream: No such file or directory in /var/www/public/system/library/log.php on line 8
2017-07-21 08:58:59 UTC [www.sdk.dev] [f91bc43b84a728076a8c992e50bb1891] [warning] helper->error_handler stream_socket_client(): SSL operation failed with code 1. OpenSSL Error messages:
error:14090086:SSL routines:SSL3_GET_SERVER_CERTIFICATE:certificate verify failed in /var/www/public/system/library/payapi/core/core.validator.php on line 255
2017-07-21 08:58:59 UTC [www.sdk.dev] [f91bc43b84a728076a8c992e50bb1891] [warning] helper->error_handler stream_socket_client(): Failed to enable crypto in /var/www/public/system/library/payapi/core/core.validator.php on line 255
2017-07-21 08:58:59 UTC [www.sdk.dev] [f91bc43b84a728076a8c992e50bb1891] [warning] helper->error_handler stream_socket_client(): unable to connect to ssl://www.sdk.dev:443 (Unknown error) in /var/www/public/system/library/payapi/core/core.validator.php on line 255
2017-07-21 09:00:39 UTC [www.sdk.dev] [f91bc43b84a728076a8c992e50bb1891] [warning] helper->error_handler stream_socket_client(): SSL operation failed with code 1. OpenSSL Error messages:
error:14090086:SSL routines:SSL3_GET_SERVER_CERTIFICATE:certificate verify failed in /var/www/public/system/library/payapi/core/core.validator.php on line 255
2017-07-21 09:00:39 UTC [www.sdk.dev] [f91bc43b84a728076a8c992e50bb1891] [warning] helper->error_handler stream_socket_client(): Failed to enable crypto in /var/www/public/system/library/payapi/core/core.validator.php on line 255
2017-07-21 09:00:39 UTC [www.sdk.dev] [f91bc43b84a728076a8c992e50bb1891] [warning] helper->error_handler stream_socket_client(): unable to connect to ssl://www.sdk.dev:443 (Unknown error) in /var/www/public/system/library/payapi/core/core.validator.php on line 255
2017-07-21 09:02:22 UTC [www.sdk.dev] [f91bc43b84a728076a8c992e50bb1891] [warning] helper->error_handler stream_socket_client(): SSL operation failed with code 1. OpenSSL Error messages:
error:14090086:SSL routines:SSL3_GET_SERVER_CERTIFICATE:certificate verify failed in /var/www/public/system/library/payapi/core/core.validator.php on line 255
2017-07-21 09:02:22 UTC [www.sdk.dev] [f91bc43b84a728076a8c992e50bb1891] [warning] helper->error_handler stream_socket_client(): Failed to enable crypto in /var/www/public/system/library/payapi/core/core.validator.php on line 255
2017-07-21 09:02:22 UTC [www.sdk.dev] [f91bc43b84a728076a8c992e50bb1891] [warning] helper->error_handler stream_socket_client(): unable to connect to ssl://www.sdk.dev:443 (Unknown error) in /var/www/public/system/library/payapi/core/core.validator.php on line 255
2017-07-21 09:04:02 UTC [www.sdk.dev] [f91bc43b84a728076a8c992e50bb1891] [warning] helper->error_handler stream_socket_client(): SSL operation failed with code 1. OpenSSL Error messages:
error:14090086:SSL routines:SSL3_GET_SERVER_CERTIFICATE:certificate verify failed in /var/www/public/system/library/payapi/core/core.validator.php on line 255
2017-07-21 09:04:02 UTC [www.sdk.dev] [f91bc43b84a728076a8c992e50bb1891] [warning] helper->error_handler stream_socket_client(): Failed to enable crypto in /var/www/public/system/library/payapi/core/core.validator.php on line 255
2017-07-21 09:04:02 UTC [www.sdk.dev] [f91bc43b84a728076a8c992e50bb1891] [warning] helper->error_handler stream_socket_client(): unable to connect to ssl://www.sdk.dev:443 (Unknown error) in /var/www/public/system/library/payapi/core/core.validator.php on line 255
2017-07-21 09:05:55 UTC [www.sdk.dev] [f91bc43b84a728076a8c992e50bb1891] [warning] helper->error_handler stream_socket_client(): SSL operation failed with code 1. OpenSSL Error messages:
error:14090086:SSL routines:SSL3_GET_SERVER_CERTIFICATE:certificate verify failed in /var/www/public/system/library/payapi/core/core.validator.php on line 255
2017-07-21 09:05:55 UTC [www.sdk.dev] [f91bc43b84a728076a8c992e50bb1891] [warning] helper->error_handler stream_socket_client(): Failed to enable crypto in /var/www/public/system/library/payapi/core/core.validator.php on line 255
2017-07-21 09:05:55 UTC [www.sdk.dev] [f91bc43b84a728076a8c992e50bb1891] [warning] helper->error_handler stream_socket_client(): unable to connect to ssl://www.sdk.dev:443 (Unknown error) in /var/www/public/system/library/payapi/core/core.validator.php on line 255
2017-07-21 09:08:47 UTC [www.sdk.dev] [f91bc43b84a728076a8c992e50bb1891] [warning] helper->error_handler stream_socket_client(): SSL operation failed with code 1. OpenSSL Error messages:
error:14090086:SSL routines:SSL3_GET_SERVER_CERTIFICATE:certificate verify failed in /var/www/public/system/library/payapi/core/core.validator.php on line 255
2017-07-21 09:08:47 UTC [www.sdk.dev] [f91bc43b84a728076a8c992e50bb1891] [warning] helper->error_handler stream_socket_client(): Failed to enable crypto in /var/www/public/system/library/payapi/core/core.validator.php on line 255
2017-07-21 09:08:47 UTC [www.sdk.dev] [f91bc43b84a728076a8c992e50bb1891] [warning] helper->error_handler stream_socket_client(): unable to connect to ssl://www.sdk.dev:443 (Unknown error) in /var/www/public/system/library/payapi/core/core.validator.php on line 255
2017-07-21 09:11:06 UTC [www.sdk.dev] [f91bc43b84a728076a8c992e50bb1891] [notice] helper->error_handler Undefined property: payapi\commandPartialPayment::$brand in /var/www/public/system/library/payapi/core/core.controller.php on line 77
2017-07-21 09:12:09 UTC [www.sdk.dev] [f91bc43b84a728076a8c992e50bb1891] [notice] helper->error_handler Undefined property: payapi\commandPartialPayment::$brand in /var/www/public/system/library/payapi/core/core.controller.php on line 77
2017-07-21 09:13:11 UTC [www.sdk.dev] [f91bc43b84a728076a8c992e50bb1891] [notice] helper->error_handler Undefined property: payapi\commandPartialPayment::$brand in /var/www/public/system/library/payapi/core/core.controller.php on line 77
2017-07-21 09:23:05 UTC [www.sdk.dev] [f91bc43b84a728076a8c992e50bb1891] [notice] helper->error_handler Undefined property: payapi\commandPartialPayment::$brand in /var/www/public/system/library/payapi/core/core.controller.php on line 77
2017-07-21 09:25:16 UTC [www.sdk.dev] [f91bc43b84a728076a8c992e50bb1891] [notice] helper->error_handler Undefined property: payapi\commandSettings::$brand in /var/www/public/system/library/payapi/core/core.controller.php on line 77
2017-07-21 10:59:22 UTC [store.multimerchantshop.xyz] [983ab1519a8b553ec58125a13bf09471] [warning] helper->warning [schema] [payment] mandatory missed
