2017-07-20 05:09:14 UTC [store.multimerchantshop.xyz] [983ab1519a8b553ec58125a13bf09471] [warning] helper->warning [curl] timeout
2017-07-20 07:09:38 UTC [store.multimerchantshop.xyz] [983ab1519a8b553ec58125a13bf09471] [notice] helper->error_handler Undefined property: PDOStatement::$rowCount in /var/www/public/system/library/payapi/core/core.spdo.php on line 31
2017-07-20 07:18:40 UTC [store.multimerchantshop.xyz] [983ab1519a8b553ec58125a13bf09471] [notice] helper->error_handler Trying to get property of non-object in /var/www/public/system/library/payapi/command/command.migrate.php on line 158
2017-07-20 07:18:40 UTC [store.multimerchantshop.xyz] [983ab1519a8b553ec58125a13bf09471] [warning] helper->error_handler Invalid argument supplied for foreach() in /var/www/public/system/library/payapi/command/command.migrate.php on line 158
2017-07-20 07:18:58 UTC [store.multimerchantshop.xyz] [983ab1519a8b553ec58125a13bf09471] [notice] helper->error_handler Trying to get property of non-object in /var/www/public/system/library/payapi/command/command.migrate.php on line 158
2017-07-20 07:18:58 UTC [store.multimerchantshop.xyz] [983ab1519a8b553ec58125a13bf09471] [warning] helper->error_handler Invalid argument supplied for foreach() in /var/www/public/system/library/payapi/command/command.migrate.php on line 158
2017-07-20 07:19:09 UTC [store.multimerchantshop.xyz] [983ab1519a8b553ec58125a13bf09471] [notice] helper->error_handler Trying to get property of non-object in /var/www/public/system/library/payapi/command/command.migrate.php on line 158
2017-07-20 07:19:09 UTC [store.multimerchantshop.xyz] [983ab1519a8b553ec58125a13bf09471] [warning] helper->error_handler Invalid argument supplied for foreach() in /var/www/public/system/library/payapi/command/command.migrate.php on line 158
2017-07-20 07:19:22 UTC [store.multimerchantshop.xyz] [983ab1519a8b553ec58125a13bf09471] [notice] helper->error_handler Trying to get property of non-object in /var/www/public/system/library/payapi/command/command.migrate.php on line 158
2017-07-20 07:19:22 UTC [store.multimerchantshop.xyz] [983ab1519a8b553ec58125a13bf09471] [warning] helper->error_handler Invalid argument supplied for foreach() in /var/www/public/system/library/payapi/command/command.migrate.php on line 158
2017-07-20 09:11:29 UTC [store.multimerchantshop.xyz] [983ab1519a8b553ec58125a13bf09471] [warning] helper->warning [curl] timeout
2017-07-20 10:33:37 UTC [store.multimerchantshop.xyz] [983ab1519a8b553ec58125a13bf09471] [warning] helper->warning [schema] not available
2017-07-20 10:33:37 UTC [store.multimerchantshop.xyz] [983ab1519a8b553ec58125a13bf09471] [warning] helper->warning [schema] no valid schema
2017-07-20 10:36:57 UTC [store.multimerchantshop.xyz] [983ab1519a8b553ec58125a13bf09471] [error] cache->validate [cache] key no valid
2017-07-20 10:47:40 UTC [store.multimerchantshop.xyz] [983ab1519a8b553ec58125a13bf09471] [warning] helper->error_handler Missing argument 1 for payapi\serializer::endPointPayment(), called in /var/www/public/system/library/payapi/command/command.payment.php on line 21 and defined in /var/www/public/system/library/payapi/core/core.serializer.php on line 35
2017-07-20 10:47:40 UTC [store.multimerchantshop.xyz] [983ab1519a8b553ec58125a13bf09471] [notice] helper->error_handler Undefined variable: publicId in /var/www/public/system/library/payapi/core/core.serializer.php on line 36
2017-07-20 10:52:06 UTC [store.multimerchantshop.xyz] [983ab1519a8b553ec58125a13bf09471] [error] cache->validate [cache] key no valid
2017-07-20 10:52:06 UTC [store.multimerchantshop.xyz] [983ab1519a8b553ec58125a13bf09471] [error] cache->validate [cache] key no valid
2017-07-20 10:52:23 UTC [store.multimerchantshop.xyz] [983ab1519a8b553ec58125a13bf09471] [error] cache->validate [cache] key no valid
2017-07-20 10:52:23 UTC [store.multimerchantshop.xyz] [983ab1519a8b553ec58125a13bf09471] [error] cache->validate [cache] key no valid
2017-07-20 10:52:25 UTC [store.multimerchantshop.xyz] [983ab1519a8b553ec58125a13bf09471] [error] cache->validate [cache] key no valid
2017-07-20 10:52:25 UTC [store.multimerchantshop.xyz] [983ab1519a8b553ec58125a13bf09471] [error] cache->validate [cache] key no valid
2017-07-20 10:52:26 UTC [store.multimerchantshop.xyz] [983ab1519a8b553ec58125a13bf09471] [error] cache->validate [cache] key no valid
2017-07-20 10:52:26 UTC [store.multimerchantshop.xyz] [983ab1519a8b553ec58125a13bf09471] [error] cache->validate [cache] key no valid
2017-07-20 10:59:34 UTC [store.multimerchantshop.xyz] [983ab1519a8b553ec58125a13bf09471] [warning] helper->warning [schema] [quantity] mandatory missed
2017-07-20 10:59:34 UTC [store.multimerchantshop.xyz] [983ab1519a8b553ec58125a13bf09471] [warning] helper->warning [schema] [url] mandatory missed
2017-07-20 10:59:34 UTC [store.multimerchantshop.xyz] [983ab1519a8b553ec58125a13bf09471] [warning] helper->warning [schema] [title] mandatory missed
2017-07-20 10:59:34 UTC [store.multimerchantshop.xyz] [983ab1519a8b553ec58125a13bf09471] [warning] helper->warning [schema] [category] mandatory missed
2017-07-20 10:59:34 UTC [store.multimerchantshop.xyz] [983ab1519a8b553ec58125a13bf09471] [warning] helper->warning [schema] [priceInCentsIncVat] mandatory missed
2017-07-20 10:59:34 UTC [store.multimerchantshop.xyz] [983ab1519a8b553ec58125a13bf09471] [warning] helper->warning [schema] [priceInCentsExcVat] mandatory missed
2017-07-20 11:03:43 UTC [store.multimerchantshop.xyz] [983ab1519a8b553ec58125a13bf09471] [notice] helper->error_handler Undefined index: priceInCentsIncVat in /var/www/public/system/library/payapi/command/command.payment.php on line 88
2017-07-20 11:03:43 UTC [store.multimerchantshop.xyz] [983ab1519a8b553ec58125a13bf09471] [notice] helper->error_handler Undefined index: priceInCentsExcVat in /var/www/public/system/library/payapi/command/command.payment.php on line 88
2017-07-20 11:03:43 UTC [store.multimerchantshop.xyz] [983ab1519a8b553ec58125a13bf09471] [notice] helper->error_handler Undefined index: priceInCentsIncVat in /var/www/public/system/library/payapi/command/command.payment.php on line 89
2017-07-20 11:03:43 UTC [store.multimerchantshop.xyz] [983ab1519a8b553ec58125a13bf09471] [warning] helper->error_handler Division by zero in /var/www/public/system/library/payapi/core/core.serializer.php on line 98
2017-07-20 11:03:43 UTC [store.multimerchantshop.xyz] [983ab1519a8b553ec58125a13bf09471] [notice] helper->error_handler Array to string conversion in /var/www/public/system/library/payapi/command/command.payment.php on line 80
2017-07-20 11:05:57 UTC [store.multimerchantshop.xyz] [983ab1519a8b553ec58125a13bf09471] [notice] helper->error_handler Undefined index: product in /var/www/public/system/library/payapi/command/command.payment.php on line 89
2017-07-20 11:05:57 UTC [store.multimerchantshop.xyz] [983ab1519a8b553ec58125a13bf09471] [notice] helper->error_handler Undefined index: product in /var/www/public/system/library/payapi/command/command.payment.php on line 89
2017-07-20 11:05:57 UTC [store.multimerchantshop.xyz] [983ab1519a8b553ec58125a13bf09471] [notice] helper->error_handler Undefined index: priceInCentsIncVat in /var/www/public/system/library/payapi/command/command.payment.php on line 90
2017-07-20 11:05:57 UTC [store.multimerchantshop.xyz] [983ab1519a8b553ec58125a13bf09471] [warning] helper->error_handler Division by zero in /var/www/public/system/library/payapi/core/core.serializer.php on line 98
2017-07-20 11:05:57 UTC [store.multimerchantshop.xyz] [983ab1519a8b553ec58125a13bf09471] [notice] helper->error_handler Undefined index: order in /var/www/public/system/library/payapi/command/command.payment.php on line 89
2017-07-20 11:05:57 UTC [store.multimerchantshop.xyz] [983ab1519a8b553ec58125a13bf09471] [notice] helper->error_handler Undefined index: order in /var/www/public/system/library/payapi/command/command.payment.php on line 89
2017-07-20 11:05:57 UTC [store.multimerchantshop.xyz] [983ab1519a8b553ec58125a13bf09471] [notice] helper->error_handler Undefined index: priceInCentsIncVat in /var/www/public/system/library/payapi/command/command.payment.php on line 90
2017-07-20 11:05:57 UTC [store.multimerchantshop.xyz] [983ab1519a8b553ec58125a13bf09471] [warning] helper->error_handler Division by zero in /var/www/public/system/library/payapi/core/core.serializer.php on line 98
2017-07-20 11:05:57 UTC [store.multimerchantshop.xyz] [983ab1519a8b553ec58125a13bf09471] [notice] helper->error_handler Undefined index: callbacks in /var/www/public/system/library/payapi/command/command.payment.php on line 89
2017-07-20 11:05:57 UTC [store.multimerchantshop.xyz] [983ab1519a8b553ec58125a13bf09471] [notice] helper->error_handler Undefined index: callbacks in /var/www/public/system/library/payapi/command/command.payment.php on line 89
2017-07-20 11:05:57 UTC [store.multimerchantshop.xyz] [983ab1519a8b553ec58125a13bf09471] [notice] helper->error_handler Undefined index: priceInCentsIncVat in /var/www/public/system/library/payapi/command/command.payment.php on line 90
2017-07-20 11:05:57 UTC [store.multimerchantshop.xyz] [983ab1519a8b553ec58125a13bf09471] [warning] helper->error_handler Division by zero in /var/www/public/system/library/payapi/core/core.serializer.php on line 98
2017-07-20 11:05:57 UTC [store.multimerchantshop.xyz] [983ab1519a8b553ec58125a13bf09471] [notice] helper->error_handler Undefined index: returnUrls in /var/www/public/system/library/payapi/command/command.payment.php on line 89
2017-07-20 11:05:57 UTC [store.multimerchantshop.xyz] [983ab1519a8b553ec58125a13bf09471] [notice] helper->error_handler Undefined index: returnUrls in /var/www/public/system/library/payapi/command/command.payment.php on line 89
2017-07-20 11:05:57 UTC [store.multimerchantshop.xyz] [983ab1519a8b553ec58125a13bf09471] [notice] helper->error_handler Undefined index: priceInCentsIncVat in /var/www/public/system/library/payapi/command/command.payment.php on line 90
2017-07-20 11:05:57 UTC [store.multimerchantshop.xyz] [983ab1519a8b553ec58125a13bf09471] [warning] helper->error_handler Division by zero in /var/www/public/system/library/payapi/core/core.serializer.php on line 98
2017-07-20 11:05:57 UTC [store.multimerchantshop.xyz] [983ab1519a8b553ec58125a13bf09471] [notice] helper->error_handler Array to string conversion in /var/www/public/system/library/payapi/command/command.payment.php on line 80
2017-07-20 11:05:57 UTC [store.multimerchantshop.xyz] [983ab1519a8b553ec58125a13bf09471] [notice] helper->error_handler Array to string conversion in /var/www/public/system/library/payapi/command/command.payment.php on line 80
2017-07-20 11:05:57 UTC [store.multimerchantshop.xyz] [983ab1519a8b553ec58125a13bf09471] [notice] helper->error_handler Array to string conversion in /var/www/public/system/library/payapi/command/command.payment.php on line 80
2017-07-20 11:05:57 UTC [store.multimerchantshop.xyz] [983ab1519a8b553ec58125a13bf09471] [notice] helper->error_handler Array to string conversion in /var/www/public/system/library/payapi/command/command.payment.php on line 80
2017-07-20 11:05:57 UTC [store.multimerchantshop.xyz] [983ab1519a8b553ec58125a13bf09471] [notice] helper->error_handler Array to string conversion in /var/www/public/system/library/payapi/command/command.payment.php on line 80
2017-07-20 11:06:26 UTC [store.multimerchantshop.xyz] [983ab1519a8b553ec58125a13bf09471] [notice] helper->error_handler Array to string conversion in /var/www/public/system/library/payapi/command/command.payment.php on line 80
2017-07-20 11:06:31 UTC [store.multimerchantshop.xyz] [983ab1519a8b553ec58125a13bf09471] [notice] helper->error_handler Array to string conversion in /var/www/public/system/library/payapi/command/command.payment.php on line 80
2017-07-20 11:07:20 UTC [store.multimerchantshop.xyz] [983ab1519a8b553ec58125a13bf09471] [notice] helper->error_handler Undefined offset: 0 in /var/www/public/system/library/payapi/command/command.payment.php on line 78
2017-07-20 11:07:20 UTC [store.multimerchantshop.xyz] [983ab1519a8b553ec58125a13bf09471] [notice] helper->error_handler Undefined offset: 0 in /var/www/public/system/library/payapi/command/command.payment.php on line 78
2017-07-20 11:07:20 UTC [store.multimerchantshop.xyz] [983ab1519a8b553ec58125a13bf09471] [notice] helper->error_handler Undefined offset: 0 in /var/www/public/system/library/payapi/command/command.payment.php on line 78
2017-07-20 11:07:20 UTC [store.multimerchantshop.xyz] [983ab1519a8b553ec58125a13bf09471] [notice] helper->error_handler Undefined offset: 0 in /var/www/public/system/library/payapi/command/command.payment.php on line 78
2017-07-20 11:07:20 UTC [store.multimerchantshop.xyz] [983ab1519a8b553ec58125a13bf09471] [notice] helper->error_handler Undefined offset: 0 in /var/www/public/system/library/payapi/command/command.payment.php on line 78
2017-07-20 11:07:20 UTC [store.multimerchantshop.xyz] [983ab1519a8b553ec58125a13bf09471] [notice] helper->error_handler Undefined offset: 0 in /var/www/public/system/library/payapi/command/command.payment.php on line 78
2017-07-20 11:07:20 UTC [store.multimerchantshop.xyz] [983ab1519a8b553ec58125a13bf09471] [notice] helper->error_handler Undefined offset: 0 in /var/www/public/system/library/payapi/command/command.payment.php on line 78
2017-07-20 11:07:20 UTC [store.multimerchantshop.xyz] [983ab1519a8b553ec58125a13bf09471] [notice] helper->error_handler Undefined offset: 0 in /var/www/public/system/library/payapi/command/command.payment.php on line 75
2017-07-20 11:07:20 UTC [store.multimerchantshop.xyz] [983ab1519a8b553ec58125a13bf09471] [notice] helper->error_handler Undefined offset: 0 in /var/www/public/system/library/payapi/command/command.payment.php on line 78
2017-07-20 11:07:20 UTC [store.multimerchantshop.xyz] [983ab1519a8b553ec58125a13bf09471] [notice] helper->error_handler Undefined offset: 0 in /var/www/public/system/library/payapi/command/command.payment.php on line 78
2017-07-20 11:07:20 UTC [store.multimerchantshop.xyz] [983ab1519a8b553ec58125a13bf09471] [notice] helper->error_handler Undefined offset: 0 in /var/www/public/system/library/payapi/command/command.payment.php on line 78
2017-07-20 11:07:20 UTC [store.multimerchantshop.xyz] [983ab1519a8b553ec58125a13bf09471] [notice] helper->error_handler Undefined offset: 0 in /var/www/public/system/library/payapi/command/command.payment.php on line 78
2017-07-20 13:37:26 UTC [store.multimerchantshop.xyz] [983ab1519a8b553ec58125a13bf09471] [warning] helper->error_handler Invalid argument supplied for foreach() in /var/www/public/system/library/payapi/command/command.payment.php on line 78
2017-07-20 13:38:17 UTC [store.multimerchantshop.xyz] [983ab1519a8b553ec58125a13bf09471] [warning] helper->error_handler Invalid argument supplied for foreach() in /var/www/public/system/library/payapi/command/command.payment.php on line 78
2017-07-20 13:39:58 UTC [store.multimerchantshop.xyz] [983ab1519a8b553ec58125a13bf09471] [notice] helper->error_handler Undefined index: products in /var/www/public/system/library/payapi/command/command.payment.php on line 80
2017-07-20 13:39:58 UTC [store.multimerchantshop.xyz] [983ab1519a8b553ec58125a13bf09471] [warning] helper->error_handler Invalid argument supplied for foreach() in /var/www/public/system/library/payapi/command/command.payment.php on line 80
2017-07-20 13:40:12 UTC [store.multimerchantshop.xyz] [983ab1519a8b553ec58125a13bf09471] [notice] helper->error_handler Undefined index: product in /var/www/public/system/library/payapi/command/command.payment.php on line 70
2017-07-20 13:40:12 UTC [store.multimerchantshop.xyz] [983ab1519a8b553ec58125a13bf09471] [warning] helper->error_handler Invalid argument supplied for foreach() in /var/www/public/system/library/payapi/command/command.payment.php on line 70
2017-07-20 13:47:55 UTC [store.multimerchantshop.xyz] [983ab1519a8b553ec58125a13bf09471] [notice] helper->error_handler Undefined index: referenceId in /var/www/public/system/library/payapi/command/command.payment.php on line 90
2017-07-20 13:50:31 UTC [store.multimerchantshop.xyz] [983ab1519a8b553ec58125a13bf09471] [notice] helper->error_handler Undefined index: referenceId in /var/www/public/system/library/payapi/command/command.payment.php on line 90
2017-07-20 13:50:47 UTC [store.multimerchantshop.xyz] [983ab1519a8b553ec58125a13bf09471] [notice] helper->error_handler Undefined index: referenceId in /var/www/public/system/library/payapi/command/command.payment.php on line 90
2017-07-20 14:05:24 UTC [store.multimerchantshop.xyz] [983ab1519a8b553ec58125a13bf09471] [warning] helper->warning [type] not defined : urlencode
2017-07-20 14:05:24 UTC [store.multimerchantshop.xyz] [983ab1519a8b553ec58125a13bf09471] [warning] helper->warning [schema] [tosUrl] no valid value
2017-07-20 14:05:52 UTC [store.multimerchantshop.xyz] [983ab1519a8b553ec58125a13bf09471] [warning] helper->warning [url] unsecure connection blocked
2017-07-20 14:05:52 UTC [store.multimerchantshop.xyz] [983ab1519a8b553ec58125a13bf09471] [warning] helper->warning [schema] [tosUrl] no valid value
2017-07-20 17:50:41 UTC [store.multimerchantshop.xyz] [983ab1519a8b553ec58125a13bf09471] [warning] helper->warning [curl] timeout
