2017-07-25 06:34:50 UTC [store.multimerchantshop.xyz] [983ab1519a8b553ec58125a13bf09471] [warning] helper->warning [schema] not available
2017-07-25 06:34:50 UTC [store.multimerchantshop.xyz] [983ab1519a8b553ec58125a13bf09471] [warning] helper->warning [schema] no valid schema
2017-07-25 06:37:08 UTC [store.multimerchantshop.xyz] [983ab1519a8b553ec58125a13bf09471] [warning] helper->warning [schema] not available
2017-07-25 06:37:08 UTC [store.multimerchantshop.xyz] [983ab1519a8b553ec58125a13bf09471] [warning] helper->warning [schema] no valid schema
2017-07-25 06:37:52 UTC [store.multimerchantshop.xyz] [983ab1519a8b553ec58125a13bf09471] [warning] helper->warning [schema] not available
2017-07-25 06:37:52 UTC [store.multimerchantshop.xyz] [983ab1519a8b553ec58125a13bf09471] [warning] helper->warning [schema] no valid schema
2017-07-25 09:35:46 UTC [store.multimerchantshop.xyz] [983ab1519a8b553ec58125a13bf09471] [warning] helper->error_handler Missing argument 1 for payapi\commandPayment::product(), called in /var/www/public/system/library/payapi/command/command.payment.php on line 177 and defined in /var/www/public/system/library/payapi/command/command.payment.php on line 197
2017-07-25 09:35:46 UTC [store.multimerchantshop.xyz] [983ab1519a8b553ec58125a13bf09471] [notice] helper->error_handler Undefined variable: data in /var/www/public/system/library/payapi/command/command.payment.php on line 198
2017-07-25 09:35:46 UTC [store.multimerchantshop.xyz] [983ab1519a8b553ec58125a13bf09471] [warning] helper->error_handler Invalid argument supplied for foreach() in /var/www/public/system/library/payapi/command/command.payment.php on line 198
2017-07-25 09:35:46 UTC [store.multimerchantshop.xyz] [983ab1519a8b553ec58125a13bf09471] [notice] helper->error_handler Undefined variable: data in /var/www/public/system/library/payapi/command/command.payment.php on line 202
2017-07-25 09:35:46 UTC [store.multimerchantshop.xyz] [983ab1519a8b553ec58125a13bf09471] [warning] helper->error_handler Invalid argument supplied for foreach() in /var/www/public/system/library/payapi/command/command.payment.php on line 212
2017-07-25 09:35:46 UTC [store.multimerchantshop.xyz] [983ab1519a8b553ec58125a13bf09471] [warning] helper->error_handler Division by zero in /var/www/public/system/library/payapi/command/command.payment.php on line 246
2017-07-25 10:05:35 UTC [www.sdk.dev] [f91bc43b84a728076a8c992e50bb1891] [warning] helper->warning [curl] timeout
2017-07-25 10:05:37 UTC [www.sdk.dev] [f91bc43b84a728076a8c992e50bb1891] [timeout] curl->proccess https://staging-input.payapi.io/v1/api/fraud/ipdata/127.0.0.1
2017-07-25 10:05:37 UTC [www.sdk.dev] [f91bc43b84a728076a8c992e50bb1891] [warning] controller->localization no valid localization
2017-07-25 10:05:37 UTC [www.sdk.dev] [f91bc43b84a728076a8c992e50bb1891] [warning] controller->locate not localized
2017-07-25 10:06:18 UTC [www.sdk.dev] [f91bc43b84a728076a8c992e50bb1891] [warning] helper->warning [curl] timeout
2017-07-25 10:06:18 UTC [www.sdk.dev] [f91bc43b84a728076a8c992e50bb1891] [warning] helper->warning [curl] timeout
2017-07-25 10:06:20 UTC [www.sdk.dev] [f91bc43b84a728076a8c992e50bb1891] [timeout] curl->proccess https://staging-input.payapi.io/v1/api/fraud/ipdata/127.0.0.1
2017-07-25 10:06:20 UTC [www.sdk.dev] [f91bc43b84a728076a8c992e50bb1891] [warning] controller->localization no valid localization
2017-07-25 10:06:20 UTC [www.sdk.dev] [f91bc43b84a728076a8c992e50bb1891] [warning] controller->locate not localized
2017-07-25 10:06:20 UTC [www.sdk.dev] [f91bc43b84a728076a8c992e50bb1891] [timeout] curl->proccess https://staging-input.payapi.io/v1/api/fraud/ipdata/127.0.0.1
2017-07-25 10:06:20 UTC [www.sdk.dev] [f91bc43b84a728076a8c992e50bb1891] [warning] controller->localization no valid localization
2017-07-25 10:06:20 UTC [www.sdk.dev] [f91bc43b84a728076a8c992e50bb1891] [warning] controller->locate not localized
2017-07-25 10:06:22 UTC [www.sdk.dev] [f91bc43b84a728076a8c992e50bb1891] [warning] helper->warning [curl] timeout
2017-07-25 10:06:23 UTC [www.sdk.dev] [f91bc43b84a728076a8c992e50bb1891] [warning] helper->warning [curl] timeout
2017-07-25 10:06:24 UTC [www.sdk.dev] [f91bc43b84a728076a8c992e50bb1891] [timeout] curl->proccess https://staging-input.payapi.io/v1/api/fraud/ipdata/127.0.0.1
2017-07-25 10:06:24 UTC [www.sdk.dev] [f91bc43b84a728076a8c992e50bb1891] [warning] controller->localization no valid localization
2017-07-25 10:06:24 UTC [www.sdk.dev] [f91bc43b84a728076a8c992e50bb1891] [warning] controller->locate not localized
2017-07-25 10:06:25 UTC [www.sdk.dev] [f91bc43b84a728076a8c992e50bb1891] [timeout] curl->proccess https://staging-input.payapi.io/v1/api/fraud/ipdata/127.0.0.1
2017-07-25 10:06:25 UTC [www.sdk.dev] [f91bc43b84a728076a8c992e50bb1891] [warning] controller->localization no valid localization
2017-07-25 10:06:25 UTC [www.sdk.dev] [f91bc43b84a728076a8c992e50bb1891] [warning] controller->locate not localized
2017-07-25 10:06:39 UTC [www.sdk.dev] [f91bc43b84a728076a8c992e50bb1891] [warning] helper->warning [curl] timeout
2017-07-25 10:06:41 UTC [www.sdk.dev] [f91bc43b84a728076a8c992e50bb1891] [curl] curl->proccess unexpected response
2017-07-25 10:06:41 UTC [www.sdk.dev] [f91bc43b84a728076a8c992e50bb1891] [timeout] curl->proccess https://staging-input.payapi.io/v1/api/fraud/ipdata/127.0.0.1
2017-07-25 10:06:41 UTC [www.sdk.dev] [f91bc43b84a728076a8c992e50bb1891] [warning] controller->localization no valid localization
2017-07-25 10:06:41 UTC [www.sdk.dev] [f91bc43b84a728076a8c992e50bb1891] [warning] controller->locate not localized
2017-07-25 10:06:41 UTC [www.sdk.dev] [f91bc43b84a728076a8c992e50bb1891] [curl] curl->proccess unexpected response
2017-07-25 10:06:41 UTC [www.sdk.dev] [f91bc43b84a728076a8c992e50bb1891] [timeout] curl->proccess https://staging-input.payapi.io/v1/api/fraud/ipdata/127.0.0.1
2017-07-25 10:06:41 UTC [www.sdk.dev] [f91bc43b84a728076a8c992e50bb1891] [warning] controller->localization no valid localization
2017-07-25 10:06:41 UTC [www.sdk.dev] [f91bc43b84a728076a8c992e50bb1891] [warning] controller->locate not localized
2017-07-25 10:06:54 UTC [www.sdk.dev] [f91bc43b84a728076a8c992e50bb1891] [warning] helper->warning [curl] timeout
2017-07-25 10:06:55 UTC [www.sdk.dev] [f91bc43b84a728076a8c992e50bb1891] [curl] curl->proccess unexpected response
2017-07-25 10:06:55 UTC [www.sdk.dev] [f91bc43b84a728076a8c992e50bb1891] [timeout] curl->proccess https://staging-input.payapi.io/v1/api/fraud/ipdata/127.0.0.1
2017-07-25 10:06:55 UTC [www.sdk.dev] [f91bc43b84a728076a8c992e50bb1891] [warning] controller->localization no valid localization
2017-07-25 10:06:55 UTC [www.sdk.dev] [f91bc43b84a728076a8c992e50bb1891] [warning] controller->locate not localized
2017-07-25 10:08:27 UTC [www.sdk.dev] [f91bc43b84a728076a8c992e50bb1891] [warning] helper->warning [curl] timeout
2017-07-25 10:08:29 UTC [www.sdk.dev] [f91bc43b84a728076a8c992e50bb1891] [curl] curl->proccess unexpected response
2017-07-25 10:08:29 UTC [www.sdk.dev] [f91bc43b84a728076a8c992e50bb1891] [timeout] curl->proccess https://staging-input.payapi.io/v1/api/fraud/ipdata/127.0.0.1
2017-07-25 10:08:29 UTC [www.sdk.dev] [f91bc43b84a728076a8c992e50bb1891] [warning] controller->localization no valid localization
2017-07-25 10:08:29 UTC [www.sdk.dev] [f91bc43b84a728076a8c992e50bb1891] [warning] controller->locate not localized
2017-07-25 10:09:15 UTC [www.sdk.dev] [f91bc43b84a728076a8c992e50bb1891] [curl] curl->proccess unexpected response
2017-07-25 10:09:15 UTC [www.sdk.dev] [f91bc43b84a728076a8c992e50bb1891] [timeout] curl->proccess https://staging-input.payapi.io/v1/api/fraud/ipdata/127.0.0.1
2017-07-25 10:09:15 UTC [www.sdk.dev] [f91bc43b84a728076a8c992e50bb1891] [warning] controller->localization no valid localization
2017-07-25 10:09:15 UTC [www.sdk.dev] [f91bc43b84a728076a8c992e50bb1891] [warning] controller->locate not localized
2017-07-25 10:09:52 UTC [www.sdk.dev] [f91bc43b84a728076a8c992e50bb1891] [warning] helper->warning [curl] timeout
2017-07-25 10:09:54 UTC [www.sdk.dev] [f91bc43b84a728076a8c992e50bb1891] [timeout] curl->proccess https://staging-input.payapi.io/v1/api/fraud/ipdata/127.0.0.1
2017-07-25 10:09:54 UTC [www.sdk.dev] [f91bc43b84a728076a8c992e50bb1891] [warning] controller->localization no valid localization
2017-07-25 10:09:54 UTC [www.sdk.dev] [f91bc43b84a728076a8c992e50bb1891] [warning] controller->locate not localized
2017-07-25 10:23:25 UTC [www.sdk.dev] [f91bc43b84a728076a8c992e50bb1891] [warning] helper->warning [schema] payment
2017-07-25 10:23:25 UTC [www.sdk.dev] [f91bc43b84a728076a8c992e50bb1891] [warning] helper->warning [schema] order
2017-07-25 10:23:25 UTC [www.sdk.dev] [f91bc43b84a728076a8c992e50bb1891] [warning] helper->warning [schema] shippingAddress
2017-07-25 10:23:25 UTC [www.sdk.dev] [f91bc43b84a728076a8c992e50bb1891] [warning] helper->warning [schema] consumer
2017-07-25 10:23:25 UTC [www.sdk.dev] [f91bc43b84a728076a8c992e50bb1891] [warning] helper->warning [schema] extraInputData
2017-07-25 10:23:54 UTC [www.sdk.dev] [f91bc43b84a728076a8c992e50bb1891] [warning] helper->warning [schema] payment
2017-07-25 10:23:54 UTC [www.sdk.dev] [f91bc43b84a728076a8c992e50bb1891] [warning] helper->warning [schema] order
2017-07-25 10:23:54 UTC [www.sdk.dev] [f91bc43b84a728076a8c992e50bb1891] [warning] helper->warning [schema] shippingAddress
2017-07-25 10:23:54 UTC [www.sdk.dev] [f91bc43b84a728076a8c992e50bb1891] [warning] helper->warning [schema] consumer
2017-07-25 10:23:54 UTC [www.sdk.dev] [f91bc43b84a728076a8c992e50bb1891] [warning] helper->warning [schema] extraInputData
2017-07-25 10:24:57 UTC [www.sdk.dev] [f91bc43b84a728076a8c992e50bb1891] [warning] helper->warning [schema] payment
2017-07-25 10:24:57 UTC [www.sdk.dev] [f91bc43b84a728076a8c992e50bb1891] [warning] helper->warning [schema] order
2017-07-25 10:24:57 UTC [www.sdk.dev] [f91bc43b84a728076a8c992e50bb1891] [warning] helper->warning [schema] shippingAddress
2017-07-25 10:24:57 UTC [www.sdk.dev] [f91bc43b84a728076a8c992e50bb1891] [warning] helper->warning [schema] consumer
2017-07-25 10:24:57 UTC [www.sdk.dev] [f91bc43b84a728076a8c992e50bb1891] [warning] helper->warning [schema] extraInputData
2017-07-25 10:26:07 UTC [www.sdk.dev] [f91bc43b84a728076a8c992e50bb1891] [warning] helper->warning [schema] payment
2017-07-25 10:26:07 UTC [www.sdk.dev] [f91bc43b84a728076a8c992e50bb1891] [warning] helper->warning [schema] order
2017-07-25 10:26:07 UTC [www.sdk.dev] [f91bc43b84a728076a8c992e50bb1891] [warning] helper->warning [schema] shippingAddress
2017-07-25 10:26:07 UTC [www.sdk.dev] [f91bc43b84a728076a8c992e50bb1891] [warning] helper->warning [schema] consumer
2017-07-25 10:26:07 UTC [www.sdk.dev] [f91bc43b84a728076a8c992e50bb1891] [warning] helper->warning [schema] extraInputData
2017-07-25 10:27:11 UTC [www.sdk.dev] [f91bc43b84a728076a8c992e50bb1891] [warning] helper->warning [schema] payment
2017-07-25 10:27:11 UTC [www.sdk.dev] [f91bc43b84a728076a8c992e50bb1891] [warning] helper->warning [schema] order
2017-07-25 10:27:11 UTC [www.sdk.dev] [f91bc43b84a728076a8c992e50bb1891] [warning] helper->warning [schema] shippingAddress
2017-07-25 10:27:11 UTC [www.sdk.dev] [f91bc43b84a728076a8c992e50bb1891] [warning] helper->warning [schema] consumer
2017-07-25 10:27:11 UTC [www.sdk.dev] [f91bc43b84a728076a8c992e50bb1891] [warning] helper->warning [schema] extraInputData
2017-07-25 10:28:20 UTC [www.sdk.dev] [f91bc43b84a728076a8c992e50bb1891] [warning] helper->warning [schema] payment
2017-07-25 10:28:20 UTC [www.sdk.dev] [f91bc43b84a728076a8c992e50bb1891] [warning] helper->warning [schema] order
2017-07-25 10:28:20 UTC [www.sdk.dev] [f91bc43b84a728076a8c992e50bb1891] [warning] helper->warning [schema] not available
2017-07-25 10:28:20 UTC [www.sdk.dev] [f91bc43b84a728076a8c992e50bb1891] [warning] helper->warning [schema] no valid schema
2017-07-25 10:28:21 UTC [www.sdk.dev] [f91bc43b84a728076a8c992e50bb1891] [warning] helper->warning [schema] not available
2017-07-25 10:28:21 UTC [www.sdk.dev] [f91bc43b84a728076a8c992e50bb1891] [warning] helper->warning [schema] no valid schema
2017-07-25 10:28:21 UTC [www.sdk.dev] [f91bc43b84a728076a8c992e50bb1891] [warning] helper->warning [schema] shippingAddress
2017-07-25 10:28:21 UTC [www.sdk.dev] [f91bc43b84a728076a8c992e50bb1891] [warning] helper->warning [schema] consumer
2017-07-25 10:28:21 UTC [www.sdk.dev] [f91bc43b84a728076a8c992e50bb1891] [warning] helper->warning [schema] extraInputData
2017-07-25 10:30:03 UTC [www.sdk.dev] [f91bc43b84a728076a8c992e50bb1891] [warning] helper->warning [schema] payment
2017-07-25 10:30:03 UTC [www.sdk.dev] [f91bc43b84a728076a8c992e50bb1891] [warning] helper->warning [schema] order
2017-07-25 10:30:03 UTC [www.sdk.dev] [f91bc43b84a728076a8c992e50bb1891] [warning] helper->warning [schema] not available
2017-07-25 10:30:03 UTC [www.sdk.dev] [f91bc43b84a728076a8c992e50bb1891] [warning] helper->warning [schema] no valid schema
2017-07-25 10:30:03 UTC [www.sdk.dev] [f91bc43b84a728076a8c992e50bb1891] [warning] helper->warning [schema] not available
2017-07-25 10:30:03 UTC [www.sdk.dev] [f91bc43b84a728076a8c992e50bb1891] [warning] helper->warning [schema] no valid schema
2017-07-25 10:30:03 UTC [www.sdk.dev] [f91bc43b84a728076a8c992e50bb1891] [warning] helper->warning [schema] shippingAddress
2017-07-25 10:30:03 UTC [www.sdk.dev] [f91bc43b84a728076a8c992e50bb1891] [warning] helper->warning [schema] consumer
2017-07-25 10:30:03 UTC [www.sdk.dev] [f91bc43b84a728076a8c992e50bb1891] [warning] helper->warning [schema] extraInputData
2017-07-25 10:30:34 UTC [www.sdk.dev] [f91bc43b84a728076a8c992e50bb1891] [warning] helper->warning [schema] payment
2017-07-25 10:30:34 UTC [www.sdk.dev] [f91bc43b84a728076a8c992e50bb1891] [warning] helper->warning [schema] order
2017-07-25 10:30:34 UTC [www.sdk.dev] [f91bc43b84a728076a8c992e50bb1891] [warning] helper->warning [schema] shippingAddress
2017-07-25 10:30:34 UTC [www.sdk.dev] [f91bc43b84a728076a8c992e50bb1891] [warning] helper->warning [schema] consumer
2017-07-25 10:30:34 UTC [www.sdk.dev] [f91bc43b84a728076a8c992e50bb1891] [warning] helper->warning [schema] extraInputData
2017-07-25 10:37:50 UTC [www.sdk.dev] [f91bc43b84a728076a8c992e50bb1891] [notice] helper->error_handler Use of undefined constant status - assumed 'status' in /var/www/public/catalog/controller/payapi/callback.php on line 29
2017-07-25 10:40:19 UTC [www.sdk.dev] [f91bc43b84a728076a8c992e50bb1891] [notice] helper->error_handler Use of undefined constant status - assumed 'status' in /var/www/public/catalog/controller/payapi/callback.php on line 29
2017-07-25 10:41:07 UTC [www.sdk.dev] [f91bc43b84a728076a8c992e50bb1891] [notice] helper->error_handler Use of undefined constant status - assumed 'status' in /var/www/public/catalog/controller/payapi/callback.php on line 29
2017-07-25 10:44:45 UTC [www.sdk.dev] [f91bc43b84a728076a8c992e50bb1891] [notice] helper->error_handler Use of undefined constant status - assumed 'status' in /var/www/public/catalog/controller/payapi/callback.php on line 29
