2017-07-16 05:53:06 UTC [store.multimerchantshop.dev] [dd74518354ea836f07d49bc401cbff6a] [warning] helper->error_handler stream_socket_client(): php_network_getaddresses: getaddrinfo failed: Name or service not known in /var/www/public/system/library/payapi/core/core.validator.php on line 241
2017-07-16 05:53:06 UTC [store.multimerchantshop.dev] [dd74518354ea836f07d49bc401cbff6a] [warning] helper->error_handler stream_socket_client(): unable to connect to ssl://store.multimerchantshop.xyz:443 (php_network_getaddresses: getaddrinfo failed: Name or service not known) in /var/www/public/system/library/payapi/core/core.validator.php on line 241
2017-07-16 05:55:07 UTC [store.multimerchantshop.dev] [dd74518354ea836f07d49bc401cbff6a] [warning] helper->error_handler stream_socket_client(): php_network_getaddresses: getaddrinfo failed: Name or service not known in /var/www/public/system/library/payapi/core/core.validator.php on line 241
2017-07-16 05:55:07 UTC [store.multimerchantshop.dev] [dd74518354ea836f07d49bc401cbff6a] [warning] helper->error_handler stream_socket_client(): unable to connect to ssl://store.multimerchantshop.xyz:443 (php_network_getaddresses: getaddrinfo failed: Name or service not known) in /var/www/public/system/library/payapi/core/core.validator.php on line 241
2017-07-16 05:57:07 UTC [store.multimerchantshop.dev] [dd74518354ea836f07d49bc401cbff6a] [warning] helper->error_handler stream_socket_client(): php_network_getaddresses: getaddrinfo failed: Name or service not known in /var/www/public/system/library/payapi/core/core.validator.php on line 241
2017-07-16 05:57:07 UTC [store.multimerchantshop.dev] [dd74518354ea836f07d49bc401cbff6a] [warning] helper->error_handler stream_socket_client(): unable to connect to ssl://store.multimerchantshop.xyz:443 (php_network_getaddresses: getaddrinfo failed: Name or service not known) in /var/www/public/system/library/payapi/core/core.validator.php on line 241
2017-07-16 05:59:07 UTC [store.multimerchantshop.dev] [dd74518354ea836f07d49bc401cbff6a] [warning] helper->error_handler stream_socket_client(): php_network_getaddresses: getaddrinfo failed: Name or service not known in /var/www/public/system/library/payapi/core/core.validator.php on line 241
2017-07-16 05:59:07 UTC [store.multimerchantshop.dev] [dd74518354ea836f07d49bc401cbff6a] [warning] helper->error_handler stream_socket_client(): unable to connect to ssl://store.multimerchantshop.xyz:443 (php_network_getaddresses: getaddrinfo failed: Name or service not known) in /var/www/public/system/library/payapi/core/core.validator.php on line 241
2017-07-16 06:01:07 UTC [store.multimerchantshop.dev] [dd74518354ea836f07d49bc401cbff6a] [warning] helper->error_handler stream_socket_client(): php_network_getaddresses: getaddrinfo failed: Name or service not known in /var/www/public/system/library/payapi/core/core.validator.php on line 241
2017-07-16 06:01:07 UTC [store.multimerchantshop.dev] [dd74518354ea836f07d49bc401cbff6a] [warning] helper->error_handler stream_socket_client(): unable to connect to ssl://store.multimerchantshop.xyz:443 (php_network_getaddresses: getaddrinfo failed: Name or service not known) in /var/www/public/system/library/payapi/core/core.validator.php on line 241
2017-07-16 06:03:08 UTC [store.multimerchantshop.dev] [dd74518354ea836f07d49bc401cbff6a] [warning] helper->error_handler stream_socket_client(): php_network_getaddresses: getaddrinfo failed: Name or service not known in /var/www/public/system/library/payapi/core/core.validator.php on line 241
2017-07-16 06:03:08 UTC [store.multimerchantshop.dev] [dd74518354ea836f07d49bc401cbff6a] [warning] helper->error_handler stream_socket_client(): unable to connect to ssl://store.multimerchantshop.xyz:443 (php_network_getaddresses: getaddrinfo failed: Name or service not known) in /var/www/public/system/library/payapi/core/core.validator.php on line 241
2017-07-16 06:05:08 UTC [store.multimerchantshop.dev] [dd74518354ea836f07d49bc401cbff6a] [warning] helper->error_handler stream_socket_client(): php_network_getaddresses: getaddrinfo failed: Name or service not known in /var/www/public/system/library/payapi/core/core.validator.php on line 241
2017-07-16 06:05:08 UTC [store.multimerchantshop.dev] [dd74518354ea836f07d49bc401cbff6a] [warning] helper->error_handler stream_socket_client(): unable to connect to ssl://store.multimerchantshop.xyz:443 (php_network_getaddresses: getaddrinfo failed: Name or service not known) in /var/www/public/system/library/payapi/core/core.validator.php on line 241
2017-07-16 07:37:56 UTC [store.multimerchantshop.xyz] [983ab1519a8b553ec58125a13bf09471] [warning] helper->warning [schema] not available
2017-07-16 07:37:56 UTC [store.multimerchantshop.xyz] [983ab1519a8b553ec58125a13bf09471] [warning] helper->warning [schema] no valid schema
2017-07-16 07:40:51 UTC [store.multimerchantshop.xyz] [983ab1519a8b553ec58125a13bf09471] [warning] helper->warning [schema] not available
2017-07-16 07:40:51 UTC [store.multimerchantshop.xyz] [983ab1519a8b553ec58125a13bf09471] [warning] helper->warning [schema] no valid schema
2017-07-16 07:42:26 UTC [store.multimerchantshop.xyz] [983ab1519a8b553ec58125a13bf09471] [warning] helper->warning [schema] [title] mandatory missed
2017-07-16 07:42:26 UTC [store.multimerchantshop.xyz] [983ab1519a8b553ec58125a13bf09471] [warning] helper->warning [schema] [category] mandatory missed
2017-07-16 07:42:26 UTC [store.multimerchantshop.xyz] [983ab1519a8b553ec58125a13bf09471] [warning] helper->warning [schema] [priceInCentsIncVat] mandatory missed
2017-07-16 07:42:26 UTC [store.multimerchantshop.xyz] [983ab1519a8b553ec58125a13bf09471] [warning] helper->warning [schema] [priceInCentsExcVat] mandatory missed
2017-07-16 07:42:26 UTC [store.multimerchantshop.xyz] [983ab1519a8b553ec58125a13bf09471] [warning] helper->warning [schema] [vatInCents] mandatory missed
2017-07-16 07:42:26 UTC [store.multimerchantshop.xyz] [983ab1519a8b553ec58125a13bf09471] [warning] helper->warning [schema] [vatPercentage] mandatory missed
2017-07-16 07:44:14 UTC [store.multimerchantshop.xyz] [983ab1519a8b553ec58125a13bf09471] [warning] helper->warning [schema] [category] mandatory missed
2017-07-16 07:44:14 UTC [store.multimerchantshop.xyz] [983ab1519a8b553ec58125a13bf09471] [warning] helper->warning [schema] [priceInCentsIncVat] mandatory missed
2017-07-16 07:44:14 UTC [store.multimerchantshop.xyz] [983ab1519a8b553ec58125a13bf09471] [warning] helper->warning [schema] [priceInCentsExcVat] mandatory missed
2017-07-16 08:02:48 UTC [store.multimerchantshop.xyz] [983ab1519a8b553ec58125a13bf09471] [notice] helper->error_handler Undefined property: payapi\commandProduct::$serializer in /var/www/public/system/library/payapi/command/command.product.php on line 15
