2017-06-28 19:16:52 [info] payapi->autoload Wake up PayApi Payments SDK v0.0.0
2017-06-28 19:16:52 [info] payapi->autoload [autoload] cgi
2017-06-28 19:16:52 [info] helper->construct [server_load] 0%
2017-06-28 19:16:52 [info] payapi->autoload [autoload] loader
2017-06-28 19:16:52 [info] payapi->autoload [autoload] framework
2017-06-28 19:16:52 [info] payapi->construct [framework] loaded
2017-06-28 19:16:52 [info] payapi->settings [command] settings
2017-06-28 19:16:52 [info] payapi->model [autoload] settings
2017-06-28 19:16:52 [info] model->auto [autoload] adaptor
2017-06-28 19:16:52 [info] helper->construct [adaptor] opencart
2017-06-28 19:16:52 [info] model->auto [autoload] branding
2017-06-28 19:16:52 [info] helper->construct payapi
2017-06-28 19:16:52 [info] payapi->controller [autoload] settings
2017-06-28 19:16:52 [info] controller->curl [POST] staging-input.payapi.io
2017-06-28 19:16:52 [info] controller->curl timing 331ms.
2017-06-28 19:16:52 [warning] helper->warning [schema] response.standard
2017-06-28 19:16:52 [info] controller->validSchema adapted : {"code":200,"data":{"partialPayments":{"preselectedPartialPayment":"collector_invoice","numberOfInstallments":12,"minimumAmountAllowedInCents":10000,"minimumAmountAllowedCurrency":"EUR","invoiceFeeInCents":295,"invoiceFeeCurrency":"EUR","nominalAnnualInterestRateInCents":850,"whitelistedCountries":["FI"]}}}
2017-06-28 19:16:52 [info] model->validSchema [schema] success
2017-06-28 19:16:52 [warning] helper->warning [schema] merchant.settings
2017-06-28 19:16:52 [info] model_settings->validateMerchantSettings adapted : {"preselectedPartialPayment":"collector_invoice","numberOfInstallments":12,"minimumAmountAllowedInCents":10000,"minimumAmountAllowedCurrency":"EUR","invoiceFeeInCents":295,"invoiceFeeCurrency":"EUR","nominalAnnualInterestRateInCents":850,"whitelistedCountries":["FI"]}
2017-06-28 19:16:52 [info] model->validSchema [schema] success
2017-06-28 19:16:52 [info] controller->render [buffer] sanitizer
2017-06-28 19:16:52 [info] controller->render [rendering] info
2017-06-28 19:16:52 [info] controller->render [mode] array
2017-06-28 19:16:52 [info] controller->render [code] 200
2017-06-28 19:16:52 [info] payapi->destruct [destructed] success
2017-06-28 19:16:52 [info] debugger->destruct app timing 374ms.

