2017-07-05 08:14:44 [info] payapi->autoload Wake up PayApi Payments SDK v0.0.0
2017-07-05 08:14:44 [info] payapi->autoload [autoload] cgi
2017-07-05 08:14:44 [info] helper->construct [SSL] enabled
2017-07-05 08:14:44 [info] helper->construct [server_load] 0%
2017-07-05 08:14:44 [info] payapi->autoload [autoload] loader
2017-07-05 08:14:44 [info] payapi->autoload [autoload] framework
2017-07-05 08:14:44 [info] payapi->construct [framework] loaded
2017-07-05 08:14:44 [info] payapi->call [HTTPS] "on"
2017-07-05 08:14:44 [info] payapi->settings [command] settings
2017-07-05 08:14:44 [info] payapi->model [autoload] settings
2017-07-05 08:14:44 [info] model->auto [autoload] adaptor
2017-07-05 08:14:44 [info] helper->construct [adaptor] opencart
2017-07-05 08:14:44 [info] model->auto [autoload] branding
2017-07-05 08:14:44 [info] helper->construct [branding] payapi
2017-07-05 08:14:44 [info] model->auto [autoload] archival
2017-07-05 08:14:44 [info] payapi->controller [autoload] settings
2017-07-05 08:14:44 [info] controller->curl [POST] staging-input.payapi.io
2017-07-05 08:14:44 [info] controller->curl timing 416ms.
2017-07-05 08:14:44 [info] controller->validSchema [schema] response.standard
2017-07-05 08:14:44 [info] model->validSchema [schema] success
2017-07-05 08:14:44 [info] model_settings->validateMerchantSettings [schema] merchant.settings
2017-07-05 08:14:44 [info] model->validSchema [schema] success
2017-07-05 08:14:44 [info] controller->render [buffer] sanitizer
2017-07-05 08:14:44 [info] controller->render [rendering] info
2017-07-05 08:14:44 [info] controller->render [mode] dump
2017-07-05 08:14:44 [info] controller->render [code] 200
2017-07-05 08:14:44 [info] payapi->destruct [destructed] success
2017-07-05 08:14:44 [info] debugger->destruct app timing 468ms.

