2017-06-19 06:45:22 [info] ___debugging___
2017-06-19 06:45:22 [info] test : "info" / []
2017-06-19 06:45:22 [info] ___0.01047ms___

2017-06-19 06:47:17 [info] ___debugging___
2017-06-19 06:47:17 [info] test : "info" / []
2017-06-19 06:47:17 [info] ___0.0057ms___

2017-06-19 06:47:35 [info] ___debugging___
2017-06-19 06:47:35 [info] test : "info" / ["test"]
2017-06-19 06:47:35 [info] ___0.00362ms___

2017-06-19 06:47:48 [info] ___debugging___
2017-06-19 06:47:48 [info] test : "info" / ["test\/retest"]
2017-06-19 06:47:48 [info] ___0.00381ms___

2017-06-19 06:48:19 [info] ___debugging___
2017-06-19 06:48:19 [info] test : "info" / ["test"]
2017-06-19 06:48:19 [info] ___0.00328ms___

2017-06-19 06:48:28 [info] ___debugging___
2017-06-19 06:48:28 [info] test : "info" / [{}]
2017-06-19 06:48:28 [info] ___0.0035ms___

2017-06-19 06:48:36 [info] ___debugging___
2017-06-19 06:48:36 [info] test : "info" / ["test"]
2017-06-19 06:48:36 [info] ___0.00277ms___

2017-06-19 07:01:22 [info] ___debugging___
2017-06-19 07:01:22 [info] test : "info" / ["test"]
2017-06-19 07:01:22 [info] ___0.00327ms___

2017-06-19 07:04:58 [info] ___debugging___
2017-06-19 07:04:58 [info] test : "info" / ["test"]
2017-06-19 07:04:58 [info] ___0.00252ms___

2017-06-19 07:14:00 [info] ___debugging___
2017-06-19 07:14:00 [info] ___0.00634ms___

2017-06-19 07:14:39 [info] ___debugging___
2017-06-19 07:14:39 [error] controller not found / unknown command
2017-06-19 07:15:54 [info] ___debugging___
2017-06-19 07:15:54 [error] controller not found OR unknown command
2017-06-19 07:17:00 [info] ___debugging___
2017-06-19 07:17:00 [error] controller not found OR unknown command
2017-06-19 07:17:01 [info] ___debugging___
2017-06-19 07:17:01 [error] controller not found OR unknown command
2017-06-19 07:17:02 [info] ___debugging___
2017-06-19 07:17:02 [error] controller not found OR unknown command
2017-06-19 07:17:02 [info] ___debugging___
2017-06-19 07:17:02 [error] controller not found OR unknown command
2017-06-19 07:17:02 [info] ___debugging___
2017-06-19 07:17:02 [error] controller not found OR unknown command
2017-06-19 07:17:02 [info] ___debugging___
2017-06-19 07:17:02 [error] controller not found OR unknown command
2017-06-19 07:17:02 [info] ___debugging___
2017-06-19 07:17:02 [error] controller not found OR unknown command
2017-06-19 07:17:52 [info] ___debugging___
2017-06-19 07:17:52 [error] controller not found OR unknown command
2017-06-19 07:17:52 [info] ___0.00338ms___

2017-06-19 07:59:38 [info] ___debugging___
2017-06-19 08:00:42 [info] ___debugging___
2017-06-19 08:01:55 [info] ___debugging___
2017-06-19 08:03:23 [info] ___debugging___
2017-06-19 08:03:40 [info] ___debugging___
2017-06-19 08:03:40 [warning] method not allowed : __get
2017-06-19 08:04:22 [info] ___debugging___
2017-06-19 08:04:22 [warning] method not allowed : __get
2017-06-19 08:04:22 [info] ___0.00454ms___

2017-06-19 08:09:06 [info] ___debugging___
2017-06-19 08:09:06 [info] ___0.00238ms___

2017-06-19 08:09:20 [info] ___debugging___
2017-06-19 08:09:20 [info] ___0.00244ms___

2017-06-19 08:09:37 [info] ___debugging___
2017-06-19 08:09:37 [warning] method not allowed : __get
2017-06-19 08:09:58 [info] ___debugging___
2017-06-19 08:09:58 [info] ___0.00335ms___

2017-06-19 08:10:04 [info] ___debugging___
2017-06-19 08:10:04 [warning] method not allowed : __get
2017-06-19 08:10:04 [info] ___0.00266ms___

2017-06-19 08:11:07 [info] ___debugging___
2017-06-19 08:11:07 [warning] method not allowed : __get
2017-06-19 08:11:07 [info] ___0.00375ms___

2017-06-19 08:11:19 [info] ___debugging___
2017-06-19 08:11:19 [warning] method not allowed : __get
2017-06-19 08:11:19 [info] ___0.00226ms___

2017-06-19 08:11:55 [info] ___debugging___
2017-06-19 08:11:55 [warning] method not allowed : __get
2017-06-19 08:11:55 [info] ___0.0021ms___

2017-06-19 08:12:35 [info] ___debugging___
2017-06-19 08:12:35 [warning] method not allowed : __get
2017-06-19 08:12:35 [info] ___0.00575ms___

2017-06-19 08:13:24 [info] ___debugging___
2017-06-19 08:13:24 [info] ___0.00153ms___

2017-06-19 08:13:36 [info] ___debugging___
2017-06-19 08:13:36 [info] ___0.00246ms___

2017-06-19 08:14:00 [info] ___debugging___
2017-06-19 08:14:00 [info] ___0.00114ms___

2017-06-19 08:15:03 [info] ___debugging___
2017-06-19 08:15:03 [info] ___0.00271ms___

2017-06-19 08:15:06 [info] ___debugging___
2017-06-19 08:15:06 [info] ___0.00112ms___

2017-06-19 08:15:07 [info] ___debugging___
2017-06-19 08:15:07 [info] ___0.00189ms___

2017-06-19 08:15:08 [info] ___debugging___
2017-06-19 08:15:08 [info] ___0.0011ms___

2017-06-19 08:15:09 [info] ___debugging___
2017-06-19 08:15:09 [info] ___0.00198ms___

2017-06-19 08:15:09 [info] ___debugging___
2017-06-19 08:15:09 [info] ___0.00141ms___

2017-06-19 08:15:09 [info] ___debugging___
2017-06-19 08:15:09 [info] ___0.00154ms___

2017-06-19 08:15:09 [info] ___debugging___
2017-06-19 08:15:09 [info] ___0.00137ms___

2017-06-19 08:15:09 [info] ___debugging___
2017-06-19 08:15:09 [info] ___0.00239ms___

2017-06-19 08:15:55 [info] ___debugging___
2017-06-19 08:15:55 [info] ___0.00157ms___

2017-06-19 08:15:57 [info] ___debugging___
2017-06-19 08:15:57 [info] ___0.00183ms___

2017-06-19 08:15:58 [info] ___debugging___
2017-06-19 08:15:58 [info] ___0.00106ms___

2017-06-19 08:16:22 [info] ___debugging___
2017-06-19 08:16:22 [info] error controller
2017-06-19 08:16:22 [info] ___0.00461ms___

2017-06-19 08:17:35 [info] ___debugging___
2017-06-19 08:17:35 [info] ___0.00099ms___

2017-06-19 08:18:12 [info] ___debugging___
2017-06-19 08:18:12 [info] ___0.00177ms___

2017-06-19 08:20:45 [info] ___debugging___
2017-06-19 08:20:45 [info] ___0.00153ms___

2017-06-19 08:21:00 [info] ___debugging___
2017-06-19 08:21:00 [info] ___0.00296ms___

2017-06-19 08:21:19 [info] ___debugging___
2017-06-19 08:21:19 [info] ___0.00301ms___

2017-06-19 08:21:56 [info] ___debugging___
2017-06-19 08:21:56 [info] ___0.00161ms___

2017-06-19 08:22:07 [info] ___debugging___
2017-06-19 08:22:07 [info] ___0.00241ms___

2017-06-19 08:25:38 [info] ___debugging___
2017-06-19 08:25:38 [info] ___0.00165ms___

2017-06-19 08:25:45 [info] ___debugging___
2017-06-19 08:25:45 [info] ___0.00196ms___

2017-06-19 08:25:49 [info] ___debugging___
2017-06-19 08:25:49 [info] ___0.00099ms___

2017-06-19 08:26:03 [info] ___debugging___
2017-06-19 08:26:03 [info] ___0.00187ms___

2017-06-19 08:26:24 [info] ___debugging___
2017-06-19 08:26:24 [info] ___0.00192ms___

2017-06-19 08:26:55 [info] ___debugging___
2017-06-19 08:26:55 [info] ___0.00169ms___

2017-06-19 08:27:02 [info] ___debugging___
2017-06-19 08:27:02 [info] ___0.00104ms___

2017-06-19 08:27:24 [info] ___debugging___
2017-06-19 08:27:24 [info] ___0.0023ms___

2017-06-19 08:27:38 [info] ___debugging___
2017-06-19 08:27:38 [info] ___0.00103ms___

2017-06-19 08:27:42 [info] ___debugging___
2017-06-19 08:27:42 [info] ___0.0024ms___

2017-06-19 08:27:43 [info] ___debugging___
2017-06-19 08:27:43 [info] ___0.00183ms___

2017-06-19 08:27:44 [info] ___debugging___
2017-06-19 08:27:44 [info] ___0.00163ms___

2017-06-19 08:34:32 [info] ___debugging___
2017-06-19 08:34:32 [info] ___0.00403ms___

2017-06-19 08:35:43 [info] ___debugging___
2017-06-19 08:35:43 [info] controller : /var/www/public/payapi/controller/controller.info.php | command : info
2017-06-19 08:35:43 [info] ___0.00191ms___

2017-06-19 08:35:57 [info] ___debugging___
2017-06-19 08:35:57 [info] controller : info
2017-06-19 08:35:57 [info] ___0.00347ms___

2017-06-19 08:36:06 [info] ___debugging___
2017-06-19 08:36:06 [info] command : info
2017-06-19 08:36:06 [info] ___0.00196ms___

2017-06-19 08:36:41 [info] ___debugging___
2017-06-19 08:36:41 [info] command : info
2017-06-19 08:36:41 [info] autorun
2017-06-19 08:36:41 [info] ___0.00532ms___

2017-06-19 08:37:00 [info] ___debugging___
2017-06-19 08:37:00 [info] command : info
2017-06-19 08:37:00 [info] autorun
2017-06-19 08:38:04 [info] ___debugging___
2017-06-19 08:38:04 [info] ___0.00165ms___

2017-06-19 08:38:46 [info] ___debugging___
2017-06-19 08:38:46 [info] ___0.00213ms___

2017-06-19 08:38:52 [info] ___debugging___
2017-06-19 08:38:52 [info] ___0.00228ms___

2017-06-19 08:39:13 [info] ___debugging___
2017-06-19 08:39:13 [info] ___0.00196ms___

2017-06-19 08:39:30 [info] ___debugging___
2017-06-19 08:39:30 [info] ___0.00188ms___

2017-06-19 08:39:44 [info] ___debugging___
2017-06-19 08:39:44 [info] ___0.00214ms___

2017-06-19 08:40:12 [info] ___debugging___
2017-06-19 08:40:12 [info] ___0.00105ms___

2017-06-19 08:40:23 [info] ___debugging___
2017-06-19 08:40:23 [info] ___0.00159ms___

2017-06-19 08:40:33 [info] ___debugging___
2017-06-19 08:40:33 [info] ___0.00128ms___

2017-06-19 08:40:49 [info] ___debugging___
2017-06-19 08:40:49 [info] ___0.00201ms___

2017-06-19 08:42:06 [info] ___debugging___
2017-06-19 08:42:06 [info] ___0.00159ms___

2017-06-19 08:42:24 [info] ___debugging___
2017-06-19 08:42:24 [info] ___0.00234ms___

2017-06-19 08:43:09 [info] ___debugging___
2017-06-19 08:43:09 [info] ___0.00179ms___

2017-06-19 08:43:34 [info] ___debugging___
2017-06-19 08:43:34 [info] ___0.00177ms___

2017-06-19 08:43:42 [info] ___debugging___
2017-06-19 08:43:42 [info] ___0.00108ms___

2017-06-19 08:43:48 [info] ___debugging___
2017-06-19 08:43:48 [info] ___0.00171ms___

2017-06-19 08:44:09 [info] ___debugging___
2017-06-19 08:44:09 [info] ___0.00248ms___

2017-06-19 08:46:39 [info] ___debugging___
2017-06-19 08:46:39 [info] ___0.00216ms___

2017-06-19 08:47:17 [info] ___debugging___
2017-06-19 08:47:55 [info] ___debugging___
2017-06-19 08:47:55 [info] ___0.0015ms___

2017-06-19 08:48:30 [info] ___debugging___
2017-06-19 08:48:30 [info] ___0.00179ms___

2017-06-19 08:48:31 [info] ___debugging___
2017-06-19 08:48:31 [info] ___0.00137ms___

2017-06-19 08:48:53 [info] ___debugging___
2017-06-19 08:48:53 [info] ___0.00228ms___

2017-06-19 08:49:10 [info] ___debugging___
2017-06-19 08:49:10 [info] ___0.00144ms___

2017-06-19 08:49:17 [info] ___debugging___
2017-06-19 08:49:17 [info] ___0.00217ms___

2017-06-19 08:52:17 [info] ___debugging___
2017-06-19 08:52:17 [info] ___0.00167ms___

2017-06-19 08:52:41 [info] ___debugging___
2017-06-19 08:52:41 [info] ___0.00181ms___

2017-06-19 08:53:02 [info] ___debugging___
2017-06-19 08:53:02 [info] ___0.00108ms___

2017-06-19 08:53:11 [info] ___debugging___
2017-06-19 08:53:11 [info] ___0.00175ms___

2017-06-19 08:57:31 [info] ___debugging___
2017-06-19 08:57:31 [info] ___0.00142ms___

2017-06-19 08:57:59 [info] ___debugging___
2017-06-19 08:57:59 [info] ___0.00229ms___

2017-06-19 08:59:33 [info] ___debugging___
2017-06-19 08:59:33 [info] ___0.00148ms___

2017-06-19 08:59:37 [info] ___debugging___
2017-06-19 08:59:37 [info] ___0.00225ms___

2017-06-19 09:01:41 [info] ___debugging___
2017-06-19 09:01:41 [info] ___0.00202ms___

2017-06-19 09:01:48 [info] ___debugging___
2017-06-19 09:01:48 [info] ___0.00291ms___

2017-06-19 09:02:07 [info] ___debugging___
2017-06-19 09:02:07 [info] ___0.00128ms___

2017-06-19 09:03:59 [info] ___debugging___
2017-06-19 09:03:59 [info] ___0.00175ms___

2017-06-19 09:04:55 [info] ___debugging___
2017-06-19 09:04:55 [info] ___0.00185ms___

2017-06-19 09:06:13 [info] ___debugging___
2017-06-19 09:06:13 [info] ___0.0018ms___

2017-06-19 09:06:31 [info] ___debugging___
2017-06-19 09:06:31 [info] ___0.00162ms___

2017-06-19 09:08:57 [info] ___debugging___
2017-06-19 09:08:57 [info] ___0.00176ms___

2017-06-19 09:09:23 [info] ___debugging___
2017-06-19 09:09:23 [info] ___0.0012ms___

2017-06-19 09:09:52 [info] ___debugging___
2017-06-19 09:09:52 [info] ___0.00298ms___

2017-06-19 09:10:15 [info] ___debugging___
2017-06-19 09:10:15 [info] ___0.00126ms___

2017-06-19 09:11:09 [info] ___debugging___
2017-06-19 09:11:09 [info] ___0.0022ms___

2017-06-19 09:11:32 [info] ___debugging___
2017-06-19 09:11:32 [info] ___0.00182ms___

2017-06-19 09:13:22 [info] ___debugging___
2017-06-19 09:13:22 [info] ___0.00187ms___

2017-06-19 09:13:59 [info] ___debugging___
2017-06-19 09:13:59 [info] ___0.00197ms___

2017-06-19 09:14:07 [info] ___debugging___
2017-06-19 09:14:07 [info] ___0.00224ms___

2017-06-19 09:14:11 [info] ___debugging___
2017-06-19 09:14:11 [info] ___0.00331ms___

2017-06-19 09:14:16 [info] ___debugging___
2017-06-19 09:14:16 [info] ___0.00135ms___

2017-06-19 09:14:20 [info] ___debugging___
2017-06-19 09:14:20 [info] ___0.00214ms___

2017-06-19 09:15:35 [info] ___debugging___
2017-06-19 09:15:35 [info] ___0.00108ms___

2017-06-19 09:16:15 [info] ___debugging___
2017-06-19 09:16:15 [info] ___0.00306ms___

2017-06-19 09:16:55 [info] ___debugging___
2017-06-19 09:16:55 [info] ___0.00157ms___

2017-06-19 09:17:09 [info] ___debugging___
2017-06-19 09:17:09 [info] ___0.00194ms___

2017-06-19 09:17:12 [info] ___debugging___
2017-06-19 09:17:12 [info] ___0.001ms___

2017-06-19 09:18:28 [info] ___debugging___
2017-06-19 09:18:28 [warning] method not allowed : __get
2017-06-19 09:18:28 [info] ___0.00202ms___

2017-06-19 09:18:54 [info] ___debugging___
2017-06-19 09:18:54 [warning] method not allowed : __get
2017-06-19 09:18:54 [info] ___0.00365ms___

2017-06-19 09:19:17 [info] ___debugging___
2017-06-19 09:19:17 [info] ___0.00176ms___

2017-06-19 09:19:27 [info] ___debugging___
2017-06-19 09:19:27 [info] ___0.00187ms___

2017-06-19 09:19:57 [info] ___debugging___
2017-06-19 09:20:40 [info] ___debugging___
2017-06-19 09:20:40 [info] ___0.00134ms___

2017-06-19 09:20:53 [info] ___debugging___
2017-06-19 09:20:53 [info] ___0.00227ms___

2017-06-19 09:21:15 [info] ___debugging___
2017-06-19 09:21:15 [info] ___0.00137ms___

2017-06-19 09:21:54 [info] ___debugging___
2017-06-19 09:21:55 [info] ___0.00175ms___

2017-06-19 09:22:00 [info] ___debugging___
2017-06-19 09:22:00 [info] ___0.00189ms___

2017-06-19 09:22:23 [info] ___debugging___
2017-06-19 09:22:23 [info] ___0.00203ms___

2017-06-19 09:22:58 [info] ___debugging___
2017-06-19 09:22:58 [info] ___0.00205ms___

2017-06-19 09:23:00 [info] ___debugging___
2017-06-19 09:23:00 [info] ___0.00177ms___

2017-06-19 09:23:00 [info] ___debugging___
2017-06-19 09:23:00 [info] ___0.00179ms___

2017-06-19 09:23:00 [info] ___debugging___
2017-06-19 09:23:00 [info] ___0.0026ms___

2017-06-19 09:23:19 [info] ___debugging___
2017-06-19 09:23:19 [info] ___0.00162ms___

2017-06-19 09:23:27 [info] ___debugging___
2017-06-19 09:23:27 [info] ___0.00121ms___

2017-06-19 09:23:49 [info] ___debugging___
2017-06-19 09:23:49 [info] ___0.00286ms___

2017-06-19 09:24:07 [info] ___debugging___
2017-06-19 09:24:07 [info] ___0.00175ms___

2017-06-19 09:24:14 [info] ___debugging___
2017-06-19 09:24:14 [info] ___0.00171ms___

2017-06-19 09:24:19 [info] ___debugging___
2017-06-19 09:24:19 [info] ___0.00109ms___

2017-06-19 09:24:41 [info] ___debugging___
2017-06-19 09:24:41 [info] ___0.00302ms___

2017-06-19 09:24:49 [info] ___debugging___
2017-06-19 09:24:49 [info] ___0.00122ms___

2017-06-19 09:24:59 [info] ___debugging___
2017-06-19 09:24:59 [info] ___0.00203ms___

2017-06-19 09:25:07 [info] ___debugging___
2017-06-19 09:25:07 [info] ___0.00175ms___

2017-06-19 09:25:22 [info] ___debugging___
2017-06-19 09:25:22 [info] ___0.0016ms___

2017-06-19 09:26:02 [info] ___debugging___
2017-06-19 09:26:02 [info] ___0.00113ms___

2017-06-19 09:26:06 [info] ___debugging___
2017-06-19 09:26:06 [info] ___0.00313ms___

2017-06-19 09:26:15 [info] ___debugging___
2017-06-19 09:26:15 [info] ___0.00155ms___

2017-06-19 09:28:11 [info] ___debugging___
2017-06-19 09:28:11 [info] ___0.00392ms___

2017-06-19 09:28:21 [info] ___debugging___
2017-06-19 09:28:21 [info] ___0.00277ms___

2017-06-19 09:28:28 [info] ___debugging___
2017-06-19 09:28:28 [info] ___0.00305ms___

2017-06-19 09:28:29 [info] ___debugging___
2017-06-19 09:28:29 [info] ___0.00222ms___

2017-06-19 09:28:29 [info] ___debugging___
2017-06-19 09:28:29 [info] ___0.00417ms___

2017-06-19 09:28:29 [info] ___debugging___
2017-06-19 09:28:29 [info] ___0.00134ms___

2017-06-19 09:28:37 [info] ___debugging___
2017-06-19 09:28:37 [info] ___0.00173ms___

2017-06-19 09:29:04 [info] ___debugging___
2017-06-19 09:29:04 [info] ___0.0021ms___

2017-06-19 09:32:19 [info] ___debugging___
2017-06-19 09:32:19 [info] ___0.00363ms___

2017-06-19 09:32:27 [info] ___debugging___
2017-06-19 09:32:27 [info] ___0.0033ms___

2017-06-19 09:32:34 [info] ___debugging___
2017-06-19 09:32:34 [info] ___0.00332ms___

2017-06-19 09:33:40 [info] ___debugging___
2017-06-19 09:33:40 [info] ___0.00128ms___

2017-06-19 09:34:17 [info] ___debugging___
2017-06-19 09:34:17 [info] ___0.00337ms___

2017-06-19 09:34:22 [info] ___debugging___
2017-06-19 09:34:22 [info] ___0.00104ms___

2017-06-19 09:34:37 [info] ___debugging___
2017-06-19 09:34:37 [info] ___0.00214ms___

2017-06-19 09:35:03 [info] ___debugging___
2017-06-19 09:35:03 [info] ___0.00336ms___

2017-06-19 09:35:09 [info] ___debugging___
2017-06-19 09:35:09 [info] ___0.00214ms___

2017-06-19 09:35:15 [info] ___debugging___
2017-06-19 09:35:15 [info] ___0.00165ms___

2017-06-19 09:35:19 [info] ___debugging___
2017-06-19 09:35:19 [info] ___0.00253ms___

2017-06-19 09:35:27 [info] ___debugging___
2017-06-19 09:35:27 [info] ___0.00261ms___

2017-06-19 09:36:10 [info] ___debugging___
2017-06-19 09:36:10 [info] ___0.00282ms___

2017-06-19 09:36:47 [info] ___debugging___
2017-06-19 09:36:47 [info] ___0.001ms___

2017-06-19 09:37:57 [info] ___debugging___
2017-06-19 09:37:57 [info] ___0.00348ms___

2017-06-19 09:38:06 [info] ___debugging___
2017-06-19 09:38:06 [info] ___0.00179ms___

2017-06-19 09:41:16 [info] ___debugging___
2017-06-19 09:41:16 [info] ___0.00223ms___

2017-06-19 09:41:52 [info] ___debugging___
2017-06-19 09:41:52 [info] ___0.00286ms___

2017-06-19 09:46:39 [info] ___debugging___
2017-06-19 09:46:39 [info] ___0.00373ms___

2017-06-19 09:46:49 [info] ___debugging___
2017-06-19 09:46:49 [info] ___0.00359ms___

2017-06-19 09:51:06 [info] ___debugging___
2017-06-19 09:51:06 [warning] method not allowed : __get
2017-06-19 09:51:25 [info] ___debugging___
2017-06-19 09:51:25 [info] ___0.00217ms___

2017-06-19 09:51:57 [info] ___debugging___
2017-06-19 09:51:57 [info] ___0.00244ms___

2017-06-19 09:53:10 [info] ___debugging___
2017-06-19 09:53:10 [info] ___0.00414ms___

2017-06-19 09:53:19 [info] ___debugging___
2017-06-19 09:53:19 [info] ___0.00171ms___

2017-06-19 09:53:51 [info] ___debugging___
2017-06-19 09:53:51 [info] ___0.00369ms___

2017-06-19 09:54:13 [info] ___debugging___
2017-06-19 09:54:13 [info] ___0.00268ms___

2017-06-19 09:54:36 [info] ___debugging___
2017-06-19 09:54:36 [info] ___0.00229ms___

2017-06-19 09:55:06 [info] ___debugging___
2017-06-19 09:55:06 [info] ___0.00109ms___

2017-06-19 09:55:29 [info] ___debugging___
2017-06-19 09:55:29 [info] ___0.00201ms___

2017-06-19 09:58:41 [info] ___debugging___
2017-06-19 09:58:41 [info] ___0.00215ms___

2017-06-19 10:09:37 [info] ___debugging___
2017-06-19 10:09:37 [info] ___0.00298ms___

2017-06-19 10:10:25 [info] ___debugging___
2017-06-19 10:10:25 [info] ___0.00198ms___

2017-06-19 10:25:45 [info] ___debugging___
2017-06-19 10:25:45 [info] ___0.00322ms___

2017-06-19 15:30:46 [info] ___debugging___
2017-06-19 15:30:46 [info] ___0.03173ms___

2017-06-19 15:30:52 [info] ___debugging___
2017-06-19 15:30:52 [info] ___0.00332ms___

2017-06-19 15:30:55 [info] ___debugging___
2017-06-19 15:30:55 [info] ___0.0011ms___

2017-06-19 18:15:07 [info] ___debugging___
2017-06-19 18:15:07 [info] ___0.01603ms___

2017-06-19 18:39:13 [info] ___debugging___
2017-06-19 18:39:13 [info] ___0.00491ms___

2017-06-19 18:39:30 [info] ___debugging___
2017-06-19 18:39:30 [info] ___0.00228ms___

2017-06-19 18:40:03 [info] ___debugging___
2017-06-19 18:40:03 [info] ___0.00101ms___

2017-06-19 18:41:12 [info] ___debugging___
2017-06-19 18:41:12 [info] ___0.0025ms___

2017-06-19 19:05:24 [info] ___debugging___
2017-06-19 19:07:08 [info] ___debugging___
2017-06-19 19:08:15 [info] ___debugging___
2017-06-19 19:08:56 [info] ___debugging___
2017-06-19 19:09:58 [info] ___debugging___
2017-06-19 19:09:58 [info] ___0.00106ms___

2017-06-19 19:10:43 [info] ___debugging___
2017-06-19 19:10:43 [info] ___0.0018ms___

2017-06-19 19:17:03 [info] ___debugging___
2017-06-19 19:17:03 [info] ___0.00219ms___

2017-06-19 19:17:27 [info] ___debugging___
2017-06-19 19:17:27 [info] ___0.00175ms___

2017-06-19 19:17:29 [info] ___debugging___
2017-06-19 19:17:29 [info] ___0.00168ms___

2017-06-19 19:17:35 [info] ___debugging___
2017-06-19 19:17:35 [info] ___0.00146ms___

2017-06-19 19:17:36 [info] ___debugging___
2017-06-19 19:17:36 [info] ___0.00123ms___

2017-06-19 19:17:36 [info] ___debugging___
2017-06-19 19:17:36 [info] ___0.00125ms___

2017-06-19 19:30:55 [info] ___debugging___
2017-06-19 19:30:55 [info] ___0.0026ms___

2017-06-19 19:31:17 [info] ___debugging___
2017-06-19 19:31:17 [info] ___0.00265ms___

2017-06-19 19:31:56 [info] ___debugging___
2017-06-19 19:31:56 [info] ___0.00227ms___

2017-06-19 19:32:06 [info] ___debugging___
2017-06-19 19:32:06 [info] ___0.00127ms___

2017-06-19 19:32:15 [info] ___debugging___
2017-06-19 19:32:15 [info] ___0.00109ms___

2017-06-19 19:35:10 [info] ___debugging___
2017-06-19 19:35:10 [info] ___0.00202ms___

2017-06-19 19:36:30 [info] ___debugging___
2017-06-19 19:36:30 [info] ___0.0014ms___

2017-06-19 19:36:37 [info] ___debugging___
2017-06-19 19:36:37 [info] ___0.00166ms___

2017-06-19 19:36:54 [info] ___debugging___
2017-06-19 19:36:54 [info] ___0.00124ms___

2017-06-19 19:45:08 [info] ___debugging___
2017-06-19 19:45:08 [info] ___0.00372ms___

2017-06-19 19:45:23 [info] ___debugging___
2017-06-19 19:45:23 [info] ___0.00214ms___

2017-06-19 19:49:02 [info] ___debugging___
2017-06-19 19:49:02 [info] ___0.00204ms___

2017-06-19 19:49:24 [info] ___debugging___
2017-06-19 19:49:24 [info] ___0.00187ms___

2017-06-19 19:51:19 [info] ___debugging___
2017-06-19 19:51:19 [info] ___0.00168ms___

2017-06-19 19:51:57 [info] ___debugging___
2017-06-19 19:51:57 [info] ___0.00168ms___

2017-06-19 19:51:59 [info] ___debugging___
2017-06-19 19:51:59 [info] ___0.00174ms___

2017-06-19 19:52:46 [info] ___debugging___
2017-06-19 19:52:46 [info] ___0.00116ms___

2017-06-19 19:52:49 [info] ___debugging___
2017-06-19 19:52:49 [info] ___0.00182ms___

2017-06-19 19:55:47 [info] ___debugging___
2017-06-19 19:55:47 [info] command : payapi\ClassName
2017-06-19 19:55:47 [info] ___0.00263ms___

2017-06-19 19:56:33 [info] ___debugging___
2017-06-19 19:56:33 [info] command : payapi\engine
2017-06-19 19:56:33 [info] ___0.00329ms___

2017-06-19 19:57:35 [info] ___debugging___
2017-06-19 19:57:35 [info] command : payapi\controller_info
2017-06-19 19:57:35 [info] ___0.00289ms___

2017-06-19 19:58:18 [info] ___debugging___
2017-06-19 19:58:18 [info] command : info
2017-06-19 19:58:18 [info] ___0.00189ms___

2017-06-19 19:58:42 [info] ___debugging___
2017-06-19 19:58:42 [info] command : info
2017-06-19 19:58:42 [info] ___0.00328ms___

