2017-06-18 07:11:15 [info] ___debugging___
2017-06-18 07:11:15 [info] ___0.00276ms___

2017-06-18 07:11:34 [info] ___debugging___
2017-06-18 07:11:34 [info] ___0.00107ms___

2017-06-18 07:11:36 [info] ___debugging___
2017-06-18 07:11:36 [info] ___0.00117ms___

2017-06-18 07:55:45 [info] ___debugging___
2017-06-18 07:55:45 [info] ___0.00181ms___

2017-06-18 07:56:13 [info] ___debugging___
2017-06-18 07:56:13 [info] ___0.00276ms___

2017-06-18 07:58:22 [info] ___debugging___
2017-06-18 07:58:22 [info] ___0.00183ms___

2017-06-18 07:58:35 [info] ___debugging___
2017-06-18 07:58:35 [info] ___0.00195ms___

2017-06-18 07:59:13 [info] ___debugging___
2017-06-18 07:59:13 [info] ___0.00212ms___

2017-06-18 08:01:29 [info] ___debugging___
2017-06-18 08:01:29 [info] ___0.00194ms___

2017-06-18 08:01:57 [info] ___debugging___
2017-06-18 08:01:57 [info] ___0.00179ms___

2017-06-18 08:02:28 [info] ___debugging___
2017-06-18 08:02:28 [info] ___0.00108ms___

2017-06-18 08:03:37 [info] ___debugging___
2017-06-18 08:03:37 [info] ___0.002ms___

2017-06-18 08:04:53 [info] ___debugging___
2017-06-18 08:04:53 [info] ___0.00306ms___

2017-06-18 08:04:55 [info] ___debugging___
2017-06-18 08:04:55 [info] ___0.00134ms___

2017-06-18 08:05:45 [info] ___debugging___
2017-06-18 08:06:15 [info] ___debugging___
2017-06-18 08:06:20 [info] ___debugging___
2017-06-18 08:06:20 [info] test
2017-06-18 08:06:20 [info] ___0.00216ms___

2017-06-18 08:07:15 [info] ___debugging___
2017-06-18 08:07:15 [info] ___0.0014ms___

2017-06-18 08:07:22 [info] ___debugging___
2017-06-18 08:07:22 [info] ___0.00152ms___

2017-06-18 08:09:26 [info] ___debugging___
2017-06-18 08:09:26 [info] ___0.00183ms___

2017-06-18 08:09:27 [info] ___debugging___
2017-06-18 08:09:27 [info] ___0.00188ms___

2017-06-18 08:10:51 [info] ___debugging___
2017-06-18 08:10:51 [info] ___0.00105ms___

2017-06-18 08:11:16 [info] ___debugging___
2017-06-18 08:11:16 [info] ___0.00124ms___

2017-06-18 08:11:36 [info] ___debugging___
2017-06-18 08:11:36 [info] ___0.00192ms___

2017-06-18 08:38:19 [info] ___debugging___
2017-06-18 08:38:19 [info] ___0.002ms___

2017-06-18 08:39:50 [info] ___debugging___
2017-06-18 08:39:50 [info] ___0.00156ms___

2017-06-18 08:39:51 [info] ___debugging___
2017-06-18 08:39:51 [info] ___0.00256ms___

2017-06-18 08:40:11 [info] ___debugging___
2017-06-18 08:40:11 [info] test : test / Array
2017-06-18 08:40:11 [info] ___0.00201ms___

2017-06-18 08:41:13 [info] ___debugging___
2017-06-18 08:41:13 [info] test : "test" / []
2017-06-18 08:41:13 [info] ___0.00334ms___

2017-06-18 08:43:39 [info] ___debugging___
2017-06-18 08:43:39 [info] test : "info" / []
2017-06-18 08:43:39 [info] ___0.00337ms___

