2017-06-20 04:54:02 [info] ___debugging___
2017-06-20 04:54:02 [info] command : info
2017-06-20 04:54:02 [info] ___0.00363ms___

2017-06-20 04:56:09 [info] ___debugging___
2017-06-20 04:56:09 [info] command : info
2017-06-20 04:56:09 [info] ___0.00247ms___

2017-06-20 04:56:39 [info] ___debugging___
2017-06-20 04:56:39 [info] command : info
2017-06-20 04:56:39 [info] ___0.00515ms___

2017-06-20 04:56:52 [info] ___debugging___
2017-06-20 04:56:52 [info] command : info
2017-06-20 04:56:52 [info] ___0.00269ms___

2017-06-20 04:57:45 [info] ___debugging___
2017-06-20 04:57:45 [info] command : info
2017-06-20 04:57:45 [info] ___0.00308ms___

2017-06-20 04:58:11 [info] ___debugging___
2017-06-20 04:58:11 [info] command : info
2017-06-20 04:58:11 [info] ___0.00284ms___

2017-06-20 04:58:13 [info] ___debugging___
2017-06-20 04:58:13 [info] command : info
2017-06-20 04:58:13 [info] ___0.00254ms___

2017-06-20 05:22:43 [info] ___debugging___
2017-06-20 05:22:43 [info] command : info
2017-06-20 05:22:43 [info] ___0.00464ms___

2017-06-20 05:22:46 [info] ___debugging___
2017-06-20 05:22:46 [info] command : info
2017-06-20 05:22:46 [info] ___0.00273ms___

2017-06-20 05:22:47 [info] ___debugging___
2017-06-20 05:22:47 [info] command : info
2017-06-20 05:22:47 [info] ___0.00299ms___

2017-06-20 11:36:30 [info] ___debugging___
2017-06-20 11:36:30 [info] command : info
2017-06-20 11:36:30 [info] ___0.00632ms___

2017-06-20 11:40:55 [info] ___debugging___
2017-06-20 11:40:55 [warning] method not allowed : __get
2017-06-20 11:40:55 [warning] method not allowed : __set
2017-06-20 11:40:55 [info] command : info
2017-06-20 11:40:55 [info] ___0.0062ms___

2017-06-20 11:42:07 [info] ___debugging___
2017-06-20 11:42:07 [warning] method not allowed : __get
2017-06-20 11:42:07 [warning] method not allowed : __set
2017-06-20 11:42:07 [info] command : info
2017-06-20 11:42:07 [info] ___0.00568ms___

2017-06-20 11:42:27 [info] ___debugging___
2017-06-20 11:42:27 [warning] method not allowed : __get
2017-06-20 11:42:27 [warning] method not allowed : __set
2017-06-20 11:42:27 [info] command : info
2017-06-20 11:42:27 [info] ___0.00848ms___

2017-06-20 11:42:36 [info] ___debugging___
2017-06-20 11:42:36 [warning] method not allowed : __get
2017-06-20 11:42:36 [warning] method not allowed : __set
2017-06-20 11:42:36 [info] command : info
2017-06-20 11:42:36 [info] ___0.00485ms___

2017-06-20 11:43:15 [info] ___debugging___
2017-06-20 11:43:15 [warning] method not allowed : __get
2017-06-20 11:43:15 [warning] method not allowed : __set
2017-06-20 11:43:15 [info] command : info
2017-06-20 11:43:15 [info] ___0.00631ms___

2017-06-20 11:44:06 [info] ___debugging___
2017-06-20 11:44:06 [warning] method not allowed : __set
2017-06-20 11:44:06 [info] command : info
2017-06-20 11:44:06 [info] ___0.00275ms___

2017-06-20 11:44:24 [info] ___debugging___
2017-06-20 11:44:24 [warning] method not allowed : __set
2017-06-20 11:44:24 [info] command : info
2017-06-20 11:44:24 [info] ___0.00447ms___

2017-06-20 11:45:21 [info] ___debugging___
2017-06-20 11:45:21 [warning] method not allowed : __set
2017-06-20 11:45:21 [info] command : info
2017-06-20 11:45:21 [info] ___0.0044ms___

2017-06-20 11:45:49 [info] ___debugging___
2017-06-20 11:45:49 [warning] method not allowed : __set
2017-06-20 11:45:49 [info] command : info
2017-06-20 11:45:49 [info] ___0.00325ms___

2017-06-20 11:46:47 [info] ___debugging___
2017-06-20 11:46:47 [warning] method not allowed : __set
2017-06-20 11:46:47 [info] command : info
2017-06-20 11:46:47 [warning] method not allowed : __get
2017-06-20 11:46:47 [info] ___0.00631ms___

2017-06-20 11:55:16 [info] ___debugging___
2017-06-20 11:55:16 [warning] method not allowed : __set
2017-06-20 11:55:16 [warning] method not allowed : __get
2017-06-20 11:55:16 [info] command : info
2017-06-20 11:55:16 [warning] method not allowed : __get
2017-06-20 11:55:16 [info] ___0.00915ms___

2017-06-20 15:33:53 [info] ___debugging___
2017-06-20 15:33:53 [warning] method not allowed : __set
2017-06-20 15:33:53 [info] command : info
2017-06-20 15:33:53 [warning] method not allowed : __get
2017-06-20 15:33:53 [info] ___0.00701ms___

2017-06-20 15:34:11 [info] ___debugging___
2017-06-20 15:34:11 [warning] method not allowed : __set
2017-06-20 15:34:11 [info] command : info
2017-06-20 15:34:11 [warning] method not allowed : __get
2017-06-20 15:34:11 [info] ___0.00577ms___

2017-06-20 15:34:25 [info] ___debugging___
2017-06-20 15:34:25 [warning] method not allowed : __set
2017-06-20 15:34:25 [info] command : info
2017-06-20 15:34:25 [warning] method not allowed : __get
2017-06-20 15:34:25 [info] ___0.00442ms___

2017-06-20 15:34:42 [info] ___debugging___
2017-06-20 15:34:42 [warning] method not allowed : __set
2017-06-20 15:34:42 [info] command : info
2017-06-20 15:34:42 [warning] method not allowed : __get
2017-06-20 15:34:42 [info] ___0.00646ms___

2017-06-20 15:34:50 [info] ___debugging___
2017-06-20 15:34:50 [warning] method not allowed : __set
2017-06-20 15:34:50 [info] command : error
2017-06-20 15:34:50 [info] ___0.00347ms___

2017-06-20 15:35:00 [info] ___debugging___
2017-06-20 15:35:00 [warning] method not allowed : __set
2017-06-20 15:35:00 [info] command : info
2017-06-20 15:35:00 [warning] method not allowed : __get
2017-06-20 15:35:00 [info] ___0.00377ms___

2017-06-20 15:35:21 [info] ___debugging___
2017-06-20 15:35:21 [warning] method not allowed : __set
2017-06-20 15:35:21 [info] command : info
2017-06-20 15:35:21 [warning] method not allowed : __get
2017-06-20 15:35:21 [info] ___0.00613ms___

2017-06-20 15:36:27 [info] ___debugging___
2017-06-20 15:36:27 [warning] method not allowed : __set
2017-06-20 15:36:27 [info] command : info
2017-06-20 15:36:27 [warning] method not allowed : __get
2017-06-20 15:36:27 [info] ___0.00677ms___

2017-06-20 15:36:35 [info] ___debugging___
2017-06-20 15:36:35 [warning] method not allowed : __set
2017-06-20 15:36:35 [info] command : info
2017-06-20 15:36:35 [warning] method not allowed : __get
2017-06-20 15:36:35 [info] ___0.00641ms___

2017-06-20 15:43:38 [info] ___debugging___
2017-06-20 15:43:38 [warning] method not allowed : __set
2017-06-20 15:43:38 [info] command : info
2017-06-20 15:43:38 [warning] method not allowed : __get
2017-06-20 15:43:38 [info] ___0.00477ms___

2017-06-20 15:43:45 [info] ___debugging___
2017-06-20 15:43:45 [warning] method not allowed : __set
2017-06-20 15:43:45 [info] command : error
2017-06-20 15:43:45 [info] ___0.004ms___

2017-06-20 15:44:11 [info] ___debugging___
2017-06-20 15:44:11 [warning] method not allowed : __set
2017-06-20 15:44:11 [info] command : info
2017-06-20 15:44:11 [warning] method not allowed : __get
2017-06-20 15:44:11 [info] ___0.00508ms___

2017-06-20 15:44:40 [info] ___debugging___
2017-06-20 15:44:40 [warning] method not allowed : __set
2017-06-20 15:44:40 [info] command : info
2017-06-20 15:44:40 [info] ___0.00617ms___

2017-06-20 15:45:05 [info] ___debugging___
2017-06-20 15:45:05 [warning] method not allowed : __set
2017-06-20 15:45:05 [info] command : info
2017-06-20 15:45:05 [warning] method not allowed : __get
2017-06-20 15:45:38 [info] ___debugging___
2017-06-20 15:45:38 [info] ___0.00182ms___

2017-06-20 15:46:02 [info] ___debugging___
2017-06-20 15:46:02 [warning] method not allowed : __set
2017-06-20 15:46:02 [info] command : info
2017-06-20 15:46:02 [warning] method not allowed : __get
2017-06-20 15:46:02 [info] ___0.00495ms___

2017-06-20 15:46:18 [info] ___debugging___
2017-06-20 15:46:18 [warning] method not allowed : __set
2017-06-20 15:46:18 [info] command : info
2017-06-20 15:46:18 [info] ___0.00543ms___

2017-06-20 15:46:55 [info] ___debugging___
2017-06-20 15:46:55 [warning] method not allowed : __set
2017-06-20 15:46:55 [warning] method not allowed : __get
2017-06-20 15:46:55 [info] command : info
2017-06-20 15:46:55 [info] ___0.00691ms___

2017-06-20 15:47:19 [info] ___debugging___
2017-06-20 15:47:19 [info] command : info
2017-06-20 15:47:19 [info] ___0.00275ms___

2017-06-20 15:47:33 [info] ___debugging___
2017-06-20 15:47:33 [info] command : info
2017-06-20 15:47:33 [info] ___0.00398ms___

2017-06-20 15:48:26 [info] ___debugging___
2017-06-20 15:48:26 [info] command : info
2017-06-20 15:48:26 [info] ___0.00364ms___

2017-06-20 15:48:40 [info] ___debugging___
2017-06-20 15:48:40 [info] command : info
2017-06-20 15:48:40 [info] ___0.0026ms___

2017-06-20 15:48:41 [info] ___debugging___
2017-06-20 15:48:41 [info] command : info
2017-06-20 15:48:41 [info] ___0.00281ms___

2017-06-20 15:55:09 [info] ___debugging___
2017-06-20 15:55:09 [info] command : info
2017-06-20 15:55:09 [info] ___0.00338ms___

2017-06-20 15:56:57 [info] ___debugging___
2017-06-20 15:56:57 [info] command : info
2017-06-20 15:56:57 [info] ___0.00323ms___

2017-06-20 15:57:11 [info] ___debugging___
2017-06-20 15:57:11 [info] command : info
2017-06-20 15:57:11 [info] ___0.00315ms___

2017-06-20 17:14:27 [info] ___debugging___
2017-06-20 17:14:27 [info] command : info
2017-06-20 17:14:27 [info] ___0.00428ms___

2017-06-20 17:18:09 [info] ___debugging___
2017-06-20 17:18:09 [info] command : info
2017-06-20 17:18:09 [info] ___0.00433ms___

2017-06-20 17:23:20 [info] ___debugging___
2017-06-20 17:23:20 [info] command : info
2017-06-20 17:23:20 [info] ___0.00461ms___

2017-06-20 17:31:39 [info] ___debugging___
2017-06-20 17:31:39 [info] command : info
2017-06-20 17:31:39 [info] ___0.00453ms___

2017-06-20 17:32:02 [info] ___debugging___
2017-06-20 17:32:02 [info] command : info
2017-06-20 17:32:02 [info] ___0.00522ms___

2017-06-20 17:32:37 [info] ___debugging___
2017-06-20 17:32:37 [info] command : info
2017-06-20 17:32:37 [info] ___0.00355ms___

2017-06-20 17:32:39 [info] ___debugging___
2017-06-20 17:32:39 [info] command : info
2017-06-20 17:32:39 [info] ___0.00317ms___

2017-06-20 17:33:00 [info] ___debugging___
2017-06-20 17:33:00 [info] command : info
2017-06-20 17:33:00 [info] ___0.00227ms___

2017-06-20 17:33:01 [info] ___debugging___
2017-06-20 17:33:01 [info] command : info
2017-06-20 17:33:01 [info] ___0.00472ms___

2017-06-20 17:33:07 [info] ___debugging___
2017-06-20 17:33:07 [info] command : info
2017-06-20 17:33:07 [info] ___0.00182ms___

2017-06-20 17:33:08 [info] ___debugging___
2017-06-20 17:33:08 [info] command : info
2017-06-20 17:33:08 [info] ___0.00228ms___

2017-06-20 17:33:09 [info] ___debugging___
2017-06-20 17:33:09 [info] command : info
2017-06-20 17:33:09 [info] ___0.00343ms___

2017-06-20 17:33:17 [info] ___debugging___
2017-06-20 17:33:17 [info] command : info
2017-06-20 17:33:17 [info] ___0.00353ms___

2017-06-20 18:05:54 [info] ___debugging___
2017-06-20 18:05:54 [info] command : info
2017-06-20 18:05:54 [info] ___0.0065ms___

2017-06-20 18:19:55 [info] ___debugging___
2017-06-20 18:19:55 [info] command : info
2017-06-20 18:19:55 [info] ___0.00429ms___

2017-06-20 18:20:08 [info] ___debugging___
2017-06-20 18:20:08 [info] command : info
2017-06-20 18:20:08 [info] ___0.0054ms___

2017-06-20 18:20:15 [info] ___debugging___
2017-06-20 18:20:15 [info] command : info
2017-06-20 18:20:15 [info] ___0.00416ms___

2017-06-20 18:20:23 [info] ___debugging___
2017-06-20 18:20:23 [info] command : info
2017-06-20 18:20:23 [info] ___0.00402ms___

2017-06-20 18:20:24 [info] ___debugging___
2017-06-20 18:20:24 [info] command : info
2017-06-20 18:20:24 [info] ___0.00231ms___

2017-06-20 18:20:24 [info] ___debugging___
2017-06-20 18:20:24 [info] command : info
2017-06-20 18:20:24 [info] ___0.00258ms___

2017-06-20 18:20:24 [info] ___debugging___
2017-06-20 18:20:24 [info] command : info
2017-06-20 18:20:24 [info] ___0.00224ms___

2017-06-20 18:20:29 [info] ___debugging___
2017-06-20 18:20:29 [info] command : info
2017-06-20 18:20:29 [info] ___0.00216ms___

2017-06-20 18:20:29 [info] ___debugging___
2017-06-20 18:20:29 [info] command : info
2017-06-20 18:20:29 [info] ___0.00327ms___

2017-06-20 18:20:29 [info] ___debugging___
2017-06-20 18:20:29 [info] command : info
2017-06-20 18:20:29 [info] ___0.00262ms___

2017-06-20 18:20:29 [info] ___debugging___
2017-06-20 18:20:29 [info] command : info
2017-06-20 18:20:29 [info] ___0.00467ms___

2017-06-20 18:20:30 [info] ___debugging___
2017-06-20 18:20:30 [info] command : info
2017-06-20 18:20:30 [info] ___0.00258ms___

2017-06-20 18:20:30 [info] ___debugging___
2017-06-20 18:20:30 [info] command : info
2017-06-20 18:20:30 [info] ___0.00247ms___

2017-06-20 18:20:46 [info] ___debugging___
2017-06-20 18:20:46 [info] command : info
2017-06-20 18:20:46 [info] ___0.0029ms___

2017-06-20 18:21:26 [info] ___debugging___
2017-06-20 18:21:26 [info] command : error
2017-06-20 18:21:26 [info] ___0.00284ms___

2017-06-20 18:24:26 [info] ___debugging___
2017-06-20 18:24:26 [info] command : error
2017-06-20 18:24:26 [info] ___0.00326ms___

2017-06-20 18:29:19 [info] ___debugging___
2017-06-20 18:29:19 [info] command : error
2017-06-20 18:29:19 [info] ___0.00265ms___

2017-06-20 18:29:51 [info] ___debugging___
2017-06-20 18:29:51 [info] command : error
2017-06-20 18:29:51 [info] ___0.00483ms___

2017-06-20 18:29:51 [info] ___debugging___
2017-06-20 18:29:51 [info] command : error
2017-06-20 18:29:51 [info] ___0.00415ms___

2017-06-20 18:29:51 [info] ___debugging___
2017-06-20 18:29:51 [info] command : error
2017-06-20 18:29:51 [info] ___0.00321ms___

2017-06-20 18:29:52 [info] ___debugging___
2017-06-20 18:29:52 [info] command : error
2017-06-20 18:29:52 [info] ___0.00316ms___

2017-06-20 18:29:52 [info] ___debugging___
2017-06-20 18:29:52 [info] command : error
2017-06-20 18:29:52 [info] ___0.00372ms___

2017-06-20 18:29:52 [info] ___debugging___
2017-06-20 18:29:52 [info] command : error
2017-06-20 18:29:52 [info] ___0.00292ms___

2017-06-20 18:29:52 [info] ___debugging___
2017-06-20 18:29:52 [info] command : error
2017-06-20 18:29:52 [info] ___0.00355ms___

2017-06-20 18:29:53 [info] ___debugging___
2017-06-20 18:29:53 [info] command : error
2017-06-20 18:29:53 [info] ___0.00241ms___

2017-06-20 18:29:53 [info] ___debugging___
2017-06-20 18:29:53 [info] command : error
2017-06-20 18:29:53 [info] ___0.00278ms___

2017-06-20 18:29:53 [info] ___debugging___
2017-06-20 18:29:53 [info] command : error
2017-06-20 18:29:53 [info] ___0.00243ms___

2017-06-20 18:29:53 [info] ___debugging___
2017-06-20 18:29:53 [info] command : error
2017-06-20 18:29:53 [info] ___0.00446ms___

2017-06-20 18:29:54 [info] ___debugging___
2017-06-20 18:29:54 [info] command : error
2017-06-20 18:29:54 [info] ___0.00239ms___

2017-06-20 18:29:54 [info] ___debugging___
2017-06-20 18:29:54 [info] command : error
2017-06-20 18:29:54 [info] ___0.00438ms___

2017-06-20 18:29:54 [info] ___debugging___
2017-06-20 18:29:54 [info] command : error
2017-06-20 18:29:54 [info] ___0.00511ms___

2017-06-20 18:29:54 [info] ___debugging___
2017-06-20 18:29:54 [info] command : error
2017-06-20 18:29:54 [info] ___0.00456ms___

2017-06-20 18:29:54 [info] ___debugging___
2017-06-20 18:29:54 [info] command : error
2017-06-20 18:29:54 [info] ___0.00248ms___

2017-06-20 18:29:54 [info] ___debugging___
2017-06-20 18:29:54 [info] command : error
2017-06-20 18:29:54 [info] ___0.00391ms___

2017-06-20 18:29:54 [info] ___debugging___
2017-06-20 18:29:54 [info] command : error
2017-06-20 18:29:54 [info] ___0.00258ms___

2017-06-20 18:29:55 [info] ___debugging___
2017-06-20 18:29:55 [info] command : error
2017-06-20 18:29:55 [info] ___0.00449ms___

2017-06-20 18:29:55 [info] ___debugging___
2017-06-20 18:29:55 [info] command : error
2017-06-20 18:29:55 [info] ___0.00397ms___

2017-06-20 18:29:55 [info] ___debugging___
2017-06-20 18:29:55 [info] command : error
2017-06-20 18:29:55 [info] ___0.01035ms___

2017-06-20 18:29:55 [info] ___debugging___
2017-06-20 18:29:55 [info] command : error
2017-06-20 18:29:55 [info] ___0.00273ms___

2017-06-20 18:29:55 [info] ___debugging___
2017-06-20 18:29:55 [info] command : error
2017-06-20 18:29:55 [info] ___0.00551ms___

2017-06-20 18:32:25 [info] ___debugging___
2017-06-20 18:32:25 [info] command : error
2017-06-20 18:32:25 [info] ___0.00261ms___

2017-06-20 18:38:09 [info] ___debugging___
2017-06-20 18:38:09 [info] command : error
2017-06-20 18:38:09 [info] ___0.0029ms___

2017-06-20 18:38:49 [info] ___debugging___
2017-06-20 18:38:49 [info] command : error
2017-06-20 18:38:49 [info] ___0.00278ms___

2017-06-20 18:39:05 [info] ___debugging___
2017-06-20 18:39:05 [info] command : error
2017-06-20 18:39:05 [info] ___0.00267ms___

2017-06-20 18:44:52 [info] ___debugging___
2017-06-20 18:44:52 [info] command : error
2017-06-20 18:44:52 [info] ___0.00355ms___

2017-06-20 18:45:01 [info] ___debugging___
2017-06-20 18:45:01 [info] command : info
2017-06-20 18:45:01 [info] ___0.00358ms___

2017-06-20 18:45:45 [info] ___debugging___
2017-06-20 18:45:45 [info] command : info
2017-06-20 18:45:45 [info] ___0.00286ms___

2017-06-20 18:46:07 [info] ___debugging___
2017-06-20 18:46:07 [info] command : info
2017-06-20 18:46:07 [info] ___0.00897ms___

2017-06-20 18:47:04 [info] ___debugging___
2017-06-20 18:47:04 [info] command : info
2017-06-20 18:47:04 [info] ___0.00246ms___

2017-06-20 18:47:05 [info] ___debugging___
2017-06-20 18:47:05 [info] command : info
2017-06-20 18:47:05 [info] ___0.00538ms___

2017-06-20 18:47:16 [info] ___debugging___
2017-06-20 18:47:16 [info] command : info
2017-06-20 18:47:16 [info] ___0.00676ms___

2017-06-20 18:47:43 [info] ___debugging___
2017-06-20 18:47:43 [info] command : info
2017-06-20 18:47:43 [info] ___0.00402ms___

2017-06-20 18:48:20 [info] ___debugging___
2017-06-20 18:48:20 [info] command : info
2017-06-20 18:48:20 [info] ___0.00327ms___

2017-06-20 18:48:24 [info] ___debugging___
2017-06-20 18:48:24 [info] command : info
2017-06-20 18:48:24 [info] ___0.002ms___

2017-06-20 18:48:56 [info] ___debugging___
2017-06-20 18:48:56 [info] command : info
2017-06-20 18:48:56 [info] ___0.00385ms___

2017-06-20 18:49:07 [info] ___debugging___
2017-06-20 18:49:07 [info] command : info
2017-06-20 18:49:07 [info] ___0.00421ms___

2017-06-20 18:54:45 [info] ___debugging___
2017-06-20 18:54:45 [info] command : info
2017-06-20 18:54:45 [info] ___0.00307ms___

2017-06-20 18:56:21 [info] ___debugging___
2017-06-20 18:56:21 [info] command : error
2017-06-20 18:56:21 [info] ___0.00298ms___

2017-06-20 19:14:52 [info] ___debugging___
2017-06-20 19:14:52 [info] command : error
2017-06-20 19:14:52 [info] ___0.01155ms___

2017-06-20 19:15:17 [info] ___debugging___
2017-06-20 19:15:17 [info] command : error
2017-06-20 19:15:17 [info] ___0.00925ms___

