2017-06-27 17:27:52 [info] payapi->configure [debugger] enabled
2017-06-27 17:27:52 [info] payapi->autoload debug enabled
2017-06-27 17:27:52 [info] payapi->autoload [autoload] cgi
2017-06-27 17:27:52 [info] helper->construct [server_load] 0%
2017-06-27 17:27:52 [info] payapi->autoload [autoload] loader
2017-06-27 17:27:52 [info] payapi->autoload [autoload] framework
2017-06-27 17:27:52 [info] payapi->construct [framework] loaded
2017-06-27 17:27:52 [info] payapi->settings [command] settings
2017-06-27 17:27:52 [info] payapi->model [autoload] settings
2017-06-27 17:27:52 [info] model->auto [autoload] plugin
2017-06-27 17:27:52 [info] model->auto [autoload] branding
2017-06-27 17:27:52 [info] helper->construct payapi
2017-06-27 17:27:52 [info] payapi->controller [autoload] settings
2017-06-27 17:27:52 [info] controller->curl [CURL]staging-input.payapi.io
2017-06-27 17:27:52 [info] controller->curl timing 239ms.
2017-06-27 17:27:52 [info] model->validSchema [schema] valid
2017-06-27 17:27:52 [info] model->validSchema [schema] valid
2017-06-27 17:27:52 [info] controller->render [buffer] sanitizer
2017-06-27 17:27:52 [info] controller->render [rendering] info
2017-06-27 17:27:52 [info] controller->render [mode] array
2017-06-27 17:27:52 [info] controller->render [code] 200
2017-06-27 17:27:52 [info] payapi->destruct [destructed] success
2017-06-27 17:27:52 [info] debugger->destruct app timing 271ms.

