
=== DEBUG === 2017-07-16 07:07:49 UTC ==>
0004 [info] engine->single PayApi SDK v0.0.1
0005 [info] engine->load [autoload] api v0.0.1
0005 [time] engine->load [load] timing 5ms.
=== LISTENING ==>
0009 [run] engine->localize ()
0011 [info] engine->run [autoload] localize
0012 [info] controller->_autoload [autoload] cache v0.0.1
0013 [info] controller->_autoload [autoload] brand
0018 [info] controller->cache [account] cached
0022 [info] controller->cache [ssl] cached
0028 [info] controller->cache [settings] cached
0032 [info] controller->sdk [run] localize
0033 [info] engine->run [check] 84.79.234.58
0034 [info] controller->cache [localize] cached
0037 [info] api->curl [get] staging-input.payapi.io
0293 [debug] api->curl {"ip":"84.79.234.58","countryCode":"ES","countryName":"Spain","regionName":"Madrid","regionCode":"MD","postalCode":"28529","timezone":"Europe/Madrid"}
0295 [time] curl->proccess [get] timing 257ms.
0299 [info] engine->run [localize] valid schema
0303 [api] api->render [200] rendering
0303 [time] api->listening [run] timing 14ms.
=== LISTENING ==>
0310 [time] debug->destruct [app] timing 53ms.
=== 311ms. === 2017-07-16 07:07:49 UTC ===

